#
# A fatal error has been detected by the Java Runtime Environment:
#
#  SIGSEGV (0xb) at pc=0x00007ffbc93ca398, pid=4188, tid=140719237887744
#
# JRE version: Java(TM) SE Runtime Environment (8.0_45-b14) (build 1.8.0_45-b14)
# Java VM: Java HotSpot(TM) 64-Bit Server VM (25.45-b02 mixed mode linux-amd64 compressed oops)
# Problematic frame:
# J 1137 C2 java.util.zip.ZipFile$ZipFileInputStream.close()V (110 bytes) @ 0x00007ffbc93ca398 [0x00007ffbc93ca160+0x238]
#
# Failed to write core dump. Core dumps have been disabled. To enable core dumping, try "ulimit -c unlimited" before starting Java again
#
# If you would like to submit a bug report, please visit:
#   http://bugreport.java.com/bugreport/crash.jsp
#

---------------  T H R E A D  ---------------

Current thread (0x00007ffb8800e000):  JavaThread "Daemon worker" [_thread_in_Java, id=4208, stack(0x00007ffbc01ff000,0x00007ffbc0300000)]

siginfo: si_signo: 11 (SIGSEGV), si_code: 1 (SEGV_MAPERR), si_addr: 0x0000000012cc5404

Registers:
RAX=0x0000000012cc5481, RBX=0x00000000fcf2ae08, RCX=0x0000000013c4340c, RDX=0x000000000000000c
RSP=0x00007ffbc02f8620, RBP=0x00000000fcf2add8, RSI=0x0000000000000007, RDI=0x00000000fcf2ae48
R8 =0x00000000fcf2add8, R9 =0x00000000fcf2ae08, R10=0x0000000000000000, R11=0x00000000fcf2add8
R12=0x0000000000000000, R13=0x00007ffbdcb726b8, R14=0x00000000eb331258, R15=0x00007ffb8800e000
RIP=0x00007ffbc93ca398, EFLAGS=0x0000000000010246, CSGSFS=0x0000000000000033, ERR=0x0000000000000006
  TRAPNO=0x000000000000000e

Top of Stack: (sp=0x00007ffbc02f8620)
0x00007ffbc02f8620:   00000000eb331258 00007ffbfcf2add8
0x00007ffbc02f8630:   00000000fcf2add8 00000000eb331540
0x00007ffbc02f8640:   0000040000045c98 00007ffb00000400
0x00007ffbc02f8650:   00000000c00032b0 0000000000000000
0x00007ffbc02f8660:   0000000000000006 00007ffbc91ed3fc
0x00007ffbc02f8670:   00007ffbc02f86d0 00007ffbdf704ebd
0x00007ffbc02f8680:   00007ffb8800e000 0000000000000000
0x00007ffbc02f8690:   00007ffb8800e000 00007ffbc02f86c0
0x00007ffbc02f86a0:   00007ffb8800e000 00007ffbc02f8740
0x00007ffbc02f86b0:   00007ffbc02f8740 00007ffb8800e1f8
0x00007ffbc02f86c0:   00000000eb331e28 00000000c00350b0
0x00007ffbc02f86d0:   00007ffbc02f8730 00007ffbddc9b399
0x00007ffbc02f86e0:   0000000000000400 00007ffbc02f8750
0x00007ffbc02f86f0:   00007ffb74f4a060 0000000000000039
0x00007ffbc02f8700:   fffffffb00000000 00007ffbc02f87c0
0x00007ffbc02f8710:   0000000000000000 00000000eb331258
0x00007ffbc02f8720:   0000000000000447 00000000fcf2ad28
0x00007ffbc02f8730:   00007ffb00000447 00007ffbc9190206
0x00007ffbc02f8740:   00000000fcf2aef0 00007ffb8800e000
0x00007ffbc02f8750:   00000000eb331e18 00000000fcf2ad28
0x00007ffbc02f8760:   00000000fcf2add8 00007ffbc9c81ed8
0x00007ffbc02f8770:   0000000000000006 00007ffbc91ea694
0x00007ffbc02f8780:   0000000000000000 00007ffbc93cc960
0x00007ffbc02f8790:   00000000fcf2aef0 00000000fcf2af20
0x00007ffbc02f87a0:   0000040000000000 00000000eb3312b8
0x00007ffbc02f87b0:   00000000eb3312b8 00000000eb331e18
0x00007ffbc02f87c0:   0000000000000001 00007ffbc910a305
0x00007ffbc02f87d0:   0000000000000006 00007ffbca641904
0x00007ffbc02f87e0:   00000000fcf2add8 000000000000088d
0x00007ffbc02f87f0:   00007ffbc02f8830 00007ffbdf74065f
0x00007ffbc02f8800:   00000000eb3312b8 00000000c0170040
0x00007ffbc02f8810:   0000000000000000 00000000fcf2add8 

Instructions: (pc=0x00007ffbc93ca398)
0x00007ffbc93ca378:   00 00 44 89 1f 4c 8b d7 49 c1 ea 09 49 bb 00 70
0x00007ffbc93ca388:   0d dd fb 7f 00 00 47 88 24 13 4c 8b 1c 24 49 23
0x00007ffbc93ca398:   30 48 83 fe 05 0f 84 9d 00 00 00 48 8d 44 24 30
0x00007ffbc93ca3a8:   48 81 38 00 00 00 00 0f 84 74 00 00 00 4d 8b 13 

Register to memory mapping:

RAX=0x0000000012cc5481 is an unknown value
RBX=0x00000000fcf2ae08 is an oop
[Ljava.util.WeakHashMap$Entry; 
 - klass: 'java/util/WeakHashMap$Entry'[]
 - length: 16
RCX=0x0000000013c4340c is an unknown value
RDX=0x000000000000000c is an unknown value
RSP=0x00007ffbc02f8620 is pointing into the stack for thread: 0x00007ffb8800e000
RBP=0x00000000fcf2add8 is an oop
java.util.WeakHashMap 
 - klass: 'java/util/WeakHashMap'
RSI=0x0000000000000007 is an unknown value
RDI=0x00000000fcf2ae48 is an oop

[error occurred during error reporting (printing register info), id 0xb]

Stack: [0x00007ffbc01ff000,0x00007ffbc0300000],  sp=0x00007ffbc02f8620,  free space=997k
Native frames: (J=compiled Java code, j=interpreted, Vv=VM code, C=native code)
J 1137 C2 java.util.zip.ZipFile$ZipFileInputStream.close()V (110 bytes) @ 0x00007ffbc93ca398 [0x00007ffbc93ca160+0x238]


---------------  P R O C E S S  ---------------

Java Threads: ( => current thread )
  0x00007ffb74fce800 JavaThread "pool-1-thread-1" [_thread_blocked, id=4240, stack(0x00007ffbb8889000,0x00007ffbb898a000)]
  0x00007ffb74e00000 JavaThread "Stdin handler" [_thread_blocked, id=4233, stack(0x00007ffbc00fe000,0x00007ffbc01ff000)]
  0x00007ffb8800b000 JavaThread "Cancel handler" [_thread_blocked, id=4231, stack(0x00007ffbc0300000,0x00007ffbc0401000)]
  0x00007ffb88003800 JavaThread "Handler for socket connection from /127.0.0.1:54930 to /127.0.0.1:57087" [_thread_in_native, id=4230, stack(0x00007ffbc0601000,0x00007ffbc0702000)]
  0x00007ffb74268000 JavaThread "process reaper" daemon [_thread_blocked, id=4220, stack(0x00007ffbc0024000,0x00007ffbc005d000)]
  0x00007ffb7431e800 JavaThread "File lock request listener" [_thread_in_native, id=4214, stack(0x00007ffbbbaff000,0x00007ffbbbc00000)]
=>0x00007ffb8800e000 JavaThread "Daemon worker" [_thread_in_Java, id=4208, stack(0x00007ffbc01ff000,0x00007ffbc0300000)]
  0x00007ffb84003000 JavaThread "Daemon" [_thread_blocked, id=4205, stack(0x00007ffbc0702000,0x00007ffbc0803000)]
  0x00007ffbd8b1b800 JavaThread "Incoming local TCP Connector on port 54930" [_thread_in_native, id=4204, stack(0x00007ffbc0803000,0x00007ffbc0904000)]
  0x00007ffbd80c2000 JavaThread "Service Thread" daemon [_thread_blocked, id=4202, stack(0x00007ffbc1902000,0x00007ffbc1a03000)]
  0x00007ffbd80bd000 JavaThread "C1 CompilerThread2" daemon [_thread_blocked, id=4201, stack(0x00007ffbc1a03000,0x00007ffbc1b04000)]
  0x00007ffbd80bb000 JavaThread "C2 CompilerThread1" daemon [_thread_in_native, id=4200, stack(0x00007ffbc1b04000,0x00007ffbc1c05000)]
  0x00007ffbd80b8800 JavaThread "C2 CompilerThread0" daemon [_thread_in_native, id=4199, stack(0x00007ffbc806d000,0x00007ffbc816e000)]
  0x00007ffbd80b7000 JavaThread "Signal Dispatcher" daemon [_thread_blocked, id=4198, stack(0x00007ffbc816e000,0x00007ffbc826f000)]
  0x00007ffbd807f000 JavaThread "Finalizer" daemon [_thread_blocked, id=4197, stack(0x00007ffbc826f000,0x00007ffbc8370000)]
  0x00007ffbd807d000 JavaThread "Reference Handler" daemon [_thread_blocked, id=4196, stack(0x00007ffbc8370000,0x00007ffbc8471000)]
  0x00007ffbd800a000 JavaThread "main" [_thread_blocked, id=4189, stack(0x00007ffbe0af7000,0x00007ffbe0bf8000)]

Other Threads:
  0x00007ffbd8077800 VMThread [stack: 0x00007ffbc8471000,0x00007ffbc8572000] [id=4195]
  0x00007ffbd80c4800 WatcherThread [stack: 0x00007ffbc1801000,0x00007ffbc1902000] [id=4203]

VM state:not at safepoint (normal execution)

VM Mutex/Monitor currently owned by a thread: None

Heap:
 PSYoungGen      total 311296K, used 37042K [0x00000000eab00000, 0x0000000100000000, 0x0000000100000000)
  eden space 287232K, 4% used [0x00000000eab00000,0x00000000eb7ae020,0x00000000fc380000)
  from space 24064K, 99% used [0x00000000fc380000,0x00000000fdafe860,0x00000000fdb00000)
  to   space 28672K, 0% used [0x00000000fe400000,0x00000000fe400000,0x0000000100000000)
 ParOldGen       total 107008K, used 48782K [0x00000000c0000000, 0x00000000c6880000, 0x00000000eab00000)
  object space 107008K, 45% used [0x00000000c0000000,0x00000000c2fa3878,0x00000000c6880000)
 Metaspace       used 55825K, capacity 58800K, committed 58880K, reserved 1099776K
  class space    used 7774K, capacity 8925K, committed 8960K, reserved 1048576K

Card table byte_map: [0x00007ffbdd6d7000,0x00007ffbdd8d8000] byte_map_base: 0x00007ffbdd0d7000

Marking Bits: (ParMarkBitMap*) 0x00007ffbdffd5760
 Begin Bits: [0x00007ffbc2000000, 0x00007ffbc3000000)
 End Bits:   [0x00007ffbc3000000, 0x00007ffbc4000000)

Polling page: 0x00007ffbe0c1c000

CodeCache: size=245760Kb used=22540Kb max_used=23303Kb free=223220Kb
 bounds [0x00007ffbc9000000, 0x00007ffbca6e0000, 0x00007ffbd8000000]
 total_blobs=6775 nmethods=6060 adapters=628
 compilation: enabled

Compilation events (10 events):
Event: 39,750 Thread 0x00007ffbd80bd000 6966       3       java.io.File::delete (33 bytes)
Event: 39,751 Thread 0x00007ffbd80bd000 nmethod 6966 0x00007ffbc93a7e50 code [0x00007ffbc93a8080, 0x00007ffbc93a8e28]
Event: 39,751 Thread 0x00007ffbd80bd000 6967       3       java.io.UnixFileSystem::delete (20 bytes)
Event: 39,751 Thread 0x00007ffbd80bd000 nmethod 6967 0x00007ffbc94ed4d0 code [0x00007ffbc94ed680, 0x00007ffbc94edda8]
Event: 39,816 Thread 0x00007ffbd80bd000 6969       3       com.google.common.base.CharMatcher$9::matches (14 bytes)
Event: 39,816 Thread 0x00007ffbd80bd000 nmethod 6969 0x00007ffbc9831c10 code [0x00007ffbc9831d80, 0x00007ffbc9831f30]
Event: 39,818 Thread 0x00007ffbd80bd000 6970       1       com.sun.org.apache.xerces.internal.impl.XMLNSDocumentScannerImpl::access$000 (5 bytes)
Event: 39,818 Thread 0x00007ffbd80bd000 nmethod 6970 0x00007ffbc9153610 code [0x00007ffbc9153760, 0x00007ffbc9153850]
Event: 39,818 Thread 0x00007ffbd80bd000 6971       3       com.sun.org.apache.xerces.internal.util.NamespaceSupport::pushContext (65 bytes)
Event: 39,819 Thread 0x00007ffbd80bd000 nmethod 6971 0x00007ffbc923a150 code [0x00007ffbc923a2c0, 0x00007ffbc923a5c8]

GC Heap History (10 events):
Event: 22,515 GC heap before
{Heap before GC invocations=10 (full 2):
 PSYoungGen      total 217600K, used 10615K [0x00000000eab00000, 0x00000000f9700000, 0x0000000100000000)
  eden space 201728K, 0% used [0x00000000eab00000,0x00000000eab00000,0x00000000f7000000)
  from space 15872K, 66% used [0x00000000f7f80000,0x00000000f89ddf58,0x00000000f8f00000)
  to   space 15872K, 0% used [0x00000000f7000000,0x00000000f7000000,0x00000000f7f80000)
 ParOldGen       total 77312K, used 20784K [0x00000000c0000000, 0x00000000c4b80000, 0x00000000eab00000)
  object space 77312K, 26% used [0x00000000c0000000,0x00000000c144c0e8,0x00000000c4b80000)
 Metaspace       used 34119K, capacity 35350K, committed 35416K, reserved 1079296K
  class space    used 4580K, capacity 5094K, committed 5120K, reserved 1048576K
Event: 22,668 GC heap after
Heap after GC invocations=10 (full 2):
 PSYoungGen      total 217600K, used 0K [0x00000000eab00000, 0x00000000f9700000, 0x0000000100000000)
  eden space 201728K, 0% used [0x00000000eab00000,0x00000000eab00000,0x00000000f7000000)
  from space 15872K, 0% used [0x00000000f7f80000,0x00000000f7f80000,0x00000000f8f00000)
  to   space 15872K, 0% used [0x00000000f7000000,0x00000000f7000000,0x00000000f7f80000)
 ParOldGen       total 107008K, used 22659K [0x00000000c0000000, 0x00000000c6880000, 0x00000000eab00000)
  object space 107008K, 21% used [0x00000000c0000000,0x00000000c1620ff0,0x00000000c6880000)
 Metaspace       used 34119K, capacity 35350K, committed 35416K, reserved 1079296K
  class space    used 4580K, capacity 5094K, committed 5120K, reserved 1048576K
}
Event: 30,615 GC heap before
{Heap before GC invocations=11 (full 2):
 PSYoungGen      total 217600K, used 201728K [0x00000000eab00000, 0x00000000f9700000, 0x0000000100000000)
  eden space 201728K, 100% used [0x00000000eab00000,0x00000000f7000000,0x00000000f7000000)
  from space 15872K, 0% used [0x00000000f7f80000,0x00000000f7f80000,0x00000000f8f00000)
  to   space 15872K, 0% used [0x00000000f7000000,0x00000000f7000000,0x00000000f7f80000)
 ParOldGen       total 107008K, used 22659K [0x00000000c0000000, 0x00000000c6880000, 0x00000000eab00000)
  object space 107008K, 21% used [0x00000000c0000000,0x00000000c1620ff0,0x00000000c6880000)
 Metaspace       used 43968K, capacity 45666K, committed 45824K, reserved 1089536K
  class space    used 5983K, capacity 6643K, committed 6656K, reserved 1048576K
Event: 30,660 GC heap after
Heap after GC invocations=11 (full 2):
 PSYoungGen      total 217600K, used 15857K [0x00000000eab00000, 0x00000000ff000000, 0x0000000100000000)
  eden space 201728K, 0% used [0x00000000eab00000,0x00000000eab00000,0x00000000f7000000)
  from space 15872K, 99% used [0x00000000f7000000,0x00000000f7f7c5e0,0x00000000f7f80000)
  to   space 21504K, 0% used [0x00000000fdb00000,0x00000000fdb00000,0x00000000ff000000)
 ParOldGen       total 107008K, used 31949K [0x00000000c0000000, 0x00000000c6880000, 0x00000000eab00000)
  object space 107008K, 29% used [0x00000000c0000000,0x00000000c1f335b0,0x00000000c6880000)
 Metaspace       used 43968K, capacity 45666K, committed 45824K, reserved 1089536K
  class space    used 5983K, capacity 6643K, committed 6656K, reserved 1048576K
}
Event: 33,375 GC heap before
{Heap before GC invocations=12 (full 2):
 PSYoungGen      total 217600K, used 75206K [0x00000000eab00000, 0x00000000ff000000, 0x0000000100000000)
  eden space 201728K, 29% used [0x00000000eab00000,0x00000000ee4f52c8,0x00000000f7000000)
  from space 15872K, 99% used [0x00000000f7000000,0x00000000f7f7c5e0,0x00000000f7f80000)
  to   space 21504K, 0% used [0x00000000fdb00000,0x00000000fdb00000,0x00000000ff000000)
 ParOldGen       total 107008K, used 31949K [0x00000000c0000000, 0x00000000c6880000, 0x00000000eab00000)
  object space 107008K, 29% used [0x00000000c0000000,0x00000000c1f335b0,0x00000000c6880000)
 Metaspace       used 45893K, capacity 48048K, committed 48128K, reserved 1089536K
  class space    used 6295K, capacity 7104K, committed 7168K, reserved 1048576K
Event: 33,423 GC heap after
Heap after GC invocations=12 (full 2):
 PSYoungGen      total 308736K, used 20381K [0x00000000eab00000, 0x00000000ff500000, 0x0000000100000000)
  eden space 287232K, 0% used [0x00000000eab00000,0x00000000eab00000,0x00000000fc380000)
  from space 21504K, 94% used [0x00000000fdb00000,0x00000000feee7558,0x00000000ff000000)
  to   space 24064K, 0% used [0x00000000fc380000,0x00000000fc380000,0x00000000fdb00000)
 ParOldGen       total 107008K, used 31957K [0x00000000c0000000, 0x00000000c6880000, 0x00000000eab00000)
  object space 107008K, 29% used [0x00000000c0000000,0x00000000c1f355b0,0x00000000c6880000)
 Metaspace       used 45893K, capacity 48048K, committed 48128K, reserved 1089536K
  class space    used 6295K, capacity 7104K, committed 7168K, reserved 1048576K
}
Event: 33,423 GC heap before
{Heap before GC invocations=13 (full 3):
 PSYoungGen      total 308736K, used 20381K [0x00000000eab00000, 0x00000000ff500000, 0x0000000100000000)
  eden space 287232K, 0% used [0x00000000eab00000,0x00000000eab00000,0x00000000fc380000)
  from space 21504K, 94% used [0x00000000fdb00000,0x00000000feee7558,0x00000000ff000000)
  to   space 24064K, 0% used [0x00000000fc380000,0x00000000fc380000,0x00000000fdb00000)
 ParOldGen       total 107008K, used 31957K [0x00000000c0000000, 0x00000000c6880000, 0x00000000eab00000)
  object space 107008K, 29% used [0x00000000c0000000,0x00000000c1f355b0,0x00000000c6880000)
 Metaspace       used 45893K, capacity 48048K, committed 48128K, reserved 1089536K
  class space    used 6295K, capacity 7104K, committed 7168K, reserved 1048576K
Event: 33,672 GC heap after
Heap after GC invocations=13 (full 3):
 PSYoungGen      total 308736K, used 0K [0x00000000eab00000, 0x00000000ff500000, 0x0000000100000000)
  eden space 287232K, 0% used [0x00000000eab00000,0x00000000eab00000,0x00000000fc380000)
  from space 21504K, 0% used [0x00000000fdb00000,0x00000000fdb00000,0x00000000ff000000)
  to   space 24064K, 0% used [0x00000000fc380000,0x00000000fc380000,0x00000000fdb00000)
 ParOldGen       total 107008K, used 45094K [0x00000000c0000000, 0x00000000c6880000, 0x00000000eab00000)
  object space 107008K, 42% used [0x00000000c0000000,0x00000000c2c09898,0x00000000c6880000)
 Metaspace       used 45841K, capacity 47934K, committed 48128K, reserved 1089536K
  class space    used 6283K, capacity 7070K, committed 7168K, reserved 1048576K
}
Event: 39,668 GC heap before
{Heap before GC invocations=14 (full 3):
 PSYoungGen      total 308736K, used 287232K [0x00000000eab00000, 0x00000000ff500000, 0x0000000100000000)
  eden space 287232K, 100% used [0x00000000eab00000,0x00000000fc380000,0x00000000fc380000)
  from space 21504K, 0% used [0x00000000fdb00000,0x00000000fdb00000,0x00000000ff000000)
  to   space 24064K, 0% used [0x00000000fc380000,0x00000000fc380000,0x00000000fdb00000)
 ParOldGen       total 107008K, used 45094K [0x00000000c0000000, 0x00000000c6880000, 0x00000000eab00000)
  object space 107008K, 42% used [0x00000000c0000000,0x00000000c2c09898,0x00000000c6880000)
 Metaspace       used 55720K, capacity 58730K, committed 58880K, reserved 1099776K
  class space    used 7760K, capacity 8924K, committed 8960K, reserved 1048576K
Event: 39,706 GC heap after
Heap after GC invocations=14 (full 3):
 PSYoungGen      total 311296K, used 24058K [0x00000000eab00000, 0x0000000100000000, 0x0000000100000000)
  eden space 287232K, 0% used [0x00000000eab00000,0x00000000eab00000,0x00000000fc380000)
  from space 24064K, 99% used [0x00000000fc380000,0x00000000fdafe860,0x00000000fdb00000)
  to   space 28672K, 0% used [0x00000000fe400000,0x00000000fe400000,0x0000000100000000)
 ParOldGen       total 107008K, used 48782K [0x00000000c0000000, 0x00000000c6880000, 0x00000000eab00000)
  object space 107008K, 45% used [0x00000000c0000000,0x00000000c2fa3878,0x00000000c6880000)
 Metaspace       used 55720K, capacity 58730K, committed 58880K, reserved 1099776K
  class space    used 7760K, capacity 8924K, committed 8960K, reserved 1048576K
}

Deoptimization events (10 events):
Event: 39,250 Thread 0x00007ffb8800e000 Uncommon trap: reason=class_check action=maybe_recompile pc=0x00007ffbc9543d78 method=java.util.zip.InflaterInputStream.read([BII)I @ 100
Event: 39,250 Thread 0x00007ffb8800e000 Uncommon trap: reason=class_check action=maybe_recompile pc=0x00007ffbc9543d78 method=java.util.zip.InflaterInputStream.read([BII)I @ 100
Event: 39,251 Thread 0x00007ffb8800e000 Uncommon trap: reason=class_check action=maybe_recompile pc=0x00007ffbc9543d78 method=java.util.zip.InflaterInputStream.read([BII)I @ 100
Event: 39,253 Thread 0x00007ffb8800e000 Uncommon trap: reason=unstable_if action=reinterpret pc=0x00007ffbca3852b8 method=java.util.HashMap.removeNode(ILjava/lang/Object;Ljava/lang/Object;ZZ)Ljava/util/HashMap$Node; @ 133
Event: 39,253 Thread 0x00007ffb8800e000 Uncommon trap: reason=unstable_if action=reinterpret pc=0x00007ffbca5e02fc method=org.gradle.api.internal.file.pattern.FixedStepsPathMatcher.matches([Ljava/lang/String;I)Z @ 70
Event: 39,442 Thread 0x00007ffb8800e000 Uncommon trap: reason=unstable_if action=reinterpret pc=0x00007ffbc942b240 method=com.sun.org.apache.xerces.internal.parsers.AbstractDOMParser.startElement(Lcom/sun/org/apache/xerces/internal/xni/QName;Lcom/sun/org/apache/xerces/internal/xni/XMLAttributes
Event: 39,458 Thread 0x00007ffb8800e000 Uncommon trap: reason=unstable_if action=reinterpret pc=0x00007ffbc992df68 method=com.sun.org.apache.xerces.internal.dom.DeferredDocumentImpl.getNodeObject(I)Lcom/sun/org/apache/xerces/internal/dom/DeferredNode; @ 252
Event: 39,460 Thread 0x00007ffb8800e000 Uncommon trap: reason=unstable_if action=reinterpret pc=0x00007ffbc98f7058 method=com.sun.org.apache.xerces.internal.dom.DeferredDocumentImpl.getPrevSibling(IZ)I @ 2
Event: 39,819 Thread 0x00007ffb8800e000 Uncommon trap: reason=class_check action=maybe_recompile pc=0x00007ffbc9c01c8c method=com.sun.org.apache.xerces.internal.dom.ParentNode.getChildNodes()Lorg/w3c/dom/NodeList; @ 8
Event: 39,820 Thread 0x00007ffb8800e000 Uncommon trap: reason=unstable_if action=reinterpret pc=0x00007ffbc9974118 method=com.sun.org.apache.xerces.internal.dom.DeferredDocumentImpl.getPrevSibling(IZ)I @ 2

Internal exceptions (10 events):
Event: 39,487 Thread 0x00007ffb8800e000 Exception <a 'java/lang/ClassNotFoundException': com/android/ide/common/res2/DataMergerCustomizer> (0x00000000fa4a2998) thrown at [/RE-WORK/workspace/8-2-build-linux-amd64/jdk8u45/3457/hotspot/src/share/vm/classfile/systemDictionary.cpp, line 210]
Event: 39,488 Thread 0x00007ffb8800e000 Exception <a 'java/lang/ClassNotFoundException': com/android/ide/common/res2/AssetMergerCustomizer> (0x00000000fa4ccda8) thrown at [/RE-WORK/workspace/8-2-build-linux-amd64/jdk8u45/3457/hotspot/src/share/vm/classfile/systemDictionary.cpp, line 210]
Event: 39,492 Thread 0x00007ffb8800e000 Exception <a 'java/lang/ClassNotFoundException': com/android/ide/common/res2/AssetSetBeanInfo> (0x00000000fa513930) thrown at [/RE-WORK/workspace/8-2-build-linux-amd64/jdk8u45/3457/hotspot/src/share/vm/classfile/systemDictionary.cpp, line 210]
Event: 39,492 Thread 0x00007ffb8800e000 Exception <a 'java/lang/ClassNotFoundException': com/android/ide/common/res2/DataSetBeanInfo> (0x00000000fa51e170) thrown at [/RE-WORK/workspace/8-2-build-linux-amd64/jdk8u45/3457/hotspot/src/share/vm/classfile/systemDictionary.cpp, line 210]
Event: 39,492 Thread 0x00007ffb8800e000 Exception <a 'java/lang/ClassNotFoundException': com/android/ide/common/res2/DataSetCustomizer> (0x00000000fa528dd0) thrown at [/RE-WORK/workspace/8-2-build-linux-amd64/jdk8u45/3457/hotspot/src/share/vm/classfile/systemDictionary.cpp, line 210]
Event: 39,493 Thread 0x00007ffb8800e000 Exception <a 'java/lang/ClassNotFoundException': com/android/ide/common/res2/AssetSetCustomizer> (0x00000000fa54b0a0) thrown at [/RE-WORK/workspace/8-2-build-linux-amd64/jdk8u45/3457/hotspot/src/share/vm/classfile/systemDictionary.cpp, line 210]
Event: 39,501 Thread 0x00007ffb8800e000 Exception <a 'java/lang/ClassNotFoundException': com/android/ide/common/res2/MergedAssetWriterBeanInfo> (0x00000000fa5bb048) thrown at [/RE-WORK/workspace/8-2-build-linux-amd64/jdk8u45/3457/hotspot/src/share/vm/classfile/systemDictionary.cpp, line 210]
Event: 39,501 Thread 0x00007ffb8800e000 Exception <a 'java/lang/ClassNotFoundException': com/android/ide/common/res2/MergeWriterBeanInfo> (0x00000000fa5c5e28) thrown at [/RE-WORK/workspace/8-2-build-linux-amd64/jdk8u45/3457/hotspot/src/share/vm/classfile/systemDictionary.cpp, line 210]
Event: 39,502 Thread 0x00007ffb8800e000 Exception <a 'java/lang/ClassNotFoundException': com/android/ide/common/res2/MergeWriterCustomizer> (0x00000000fa5d0cf8) thrown at [/RE-WORK/workspace/8-2-build-linux-amd64/jdk8u45/3457/hotspot/src/share/vm/classfile/systemDictionary.cpp, line 210]
Event: 39,502 Thread 0x00007ffb8800e000 Exception <a 'java/lang/ClassNotFoundException': com/android/ide/common/res2/MergedAssetWriterCustomizer> (0x00000000fa5dfbe8) thrown at [/RE-WORK/workspace/8-2-build-linux-amd64/jdk8u45/3457/hotspot/src/share/vm/classfile/systemDictionary.cpp, line 210]

Events (10 events):
Event: 39,824 loading class com/android/ide/common/rendering/api/TextResourceValue
Event: 39,824 loading class com/android/ide/common/rendering/api/TextResourceValue done
Event: 39,824 loading class com/android/ide/common/rendering/api/StyleResourceValue
Event: 39,824 loading class com/android/ide/common/rendering/api/StyleResourceValue done
Event: 39,824 loading class com/android/layoutlib/api/IStyleResourceValue
Event: 39,824 loading class com/android/layoutlib/api/IStyleResourceValue done
Event: 39,825 loading class com/android/ide/common/rendering/api/ArrayResourceValue
Event: 39,825 loading class com/android/ide/common/rendering/api/ArrayResourceValue done
Event: 39,825 loading class com/android/ide/common/rendering/api/PluralsResourceValue
Event: 39,825 loading class com/android/ide/common/rendering/api/PluralsResourceValue done


Dynamic libraries:
00400000-00401000 r-xp 00000000 08:01 3540659                            /usr/lib/jvm/jdk1.8.0_45/bin/java
00600000-00601000 rw-p 00000000 08:01 3540659                            /usr/lib/jvm/jdk1.8.0_45/bin/java
008e8000-00909000 rw-p 00000000 00:00 0                                  [heap]
c0000000-c6880000 rw-p 00000000 00:00 0 
c6880000-eab00000 ---p 00000000 00:00 0 
eab00000-100000000 rw-p 00000000 00:00 0 
100000000-1008c0000 rw-p 00000000 00:00 0 
1008c0000-140000000 ---p 00000000 00:00 0 
7ffb64000000-7ffb64021000 rw-p 00000000 00:00 0 
7ffb64021000-7ffb68000000 ---p 00000000 00:00 0 
7ffb6c000000-7ffb6c021000 rw-p 00000000 00:00 0 
7ffb6c021000-7ffb70000000 ---p 00000000 00:00 0 
7ffb70000000-7ffb70021000 rw-p 00000000 00:00 0 
7ffb70021000-7ffb74000000 ---p 00000000 00:00 0 
7ffb74000000-7ffb74fe2000 rw-p 00000000 00:00 0 
7ffb74fe2000-7ffb78000000 ---p 00000000 00:00 0 
7ffb78000000-7ffb78021000 rw-p 00000000 00:00 0 
7ffb78021000-7ffb7c000000 ---p 00000000 00:00 0 
7ffb7c000000-7ffb7c021000 rw-p 00000000 00:00 0 
7ffb7c021000-7ffb80000000 ---p 00000000 00:00 0 
7ffb80000000-7ffb80021000 rw-p 00000000 00:00 0 
7ffb80021000-7ffb84000000 ---p 00000000 00:00 0 
7ffb84000000-7ffb8402c000 rw-p 00000000 00:00 0 
7ffb8402c000-7ffb88000000 ---p 00000000 00:00 0 
7ffb88000000-7ffb88021000 rw-p 00000000 00:00 0 
7ffb88021000-7ffb8c000000 ---p 00000000 00:00 0 
7ffb8c000000-7ffb8c021000 rw-p 00000000 00:00 0 
7ffb8c021000-7ffb90000000 ---p 00000000 00:00 0 
7ffb90000000-7ffb90021000 rw-p 00000000 00:00 0 
7ffb90021000-7ffb94000000 ---p 00000000 00:00 0 
7ffb94000000-7ffb95c69000 rw-p 00000000 00:00 0 
7ffb95c69000-7ffb98000000 ---p 00000000 00:00 0 
7ffb98000000-7ffb98d6d000 rw-p 00000000 00:00 0 
7ffb98d6d000-7ffb9c000000 ---p 00000000 00:00 0 
7ffb9c000000-7ffb9c021000 rw-p 00000000 00:00 0 
7ffb9c021000-7ffba0000000 ---p 00000000 00:00 0 
7ffba0000000-7ffba1795000 rw-p 00000000 00:00 0 
7ffba1795000-7ffba4000000 ---p 00000000 00:00 0 
7ffba4000000-7ffba4021000 rw-p 00000000 00:00 0 
7ffba4021000-7ffba8000000 ---p 00000000 00:00 0 
7ffba8000000-7ffba8021000 rw-p 00000000 00:00 0 
7ffba8021000-7ffbac000000 ---p 00000000 00:00 0 
7ffbac000000-7ffbac036000 rw-p 00000000 00:00 0 
7ffbac036000-7ffbb0000000 ---p 00000000 00:00 0 
7ffbb0000000-7ffbb00cb000 rw-p 00000000 00:00 0 
7ffbb00cb000-7ffbb4000000 ---p 00000000 00:00 0 
7ffbb4000000-7ffbb4021000 rw-p 00000000 00:00 0 
7ffbb4021000-7ffbb8000000 ---p 00000000 00:00 0 
7ffbb8889000-7ffbb888c000 ---p 00000000 00:00 0 
7ffbb888c000-7ffbb8a4a000 rw-p 00000000 00:00 0                          [stack:4240]
7ffbb8a4a000-7ffbb8b8a000 ---p 00000000 00:00 0 
7ffbb8b8a000-7ffbb8d8a000 rw-p 00000000 00:00 0 
7ffbb8d8a000-7ffbb8f8a000 rw-p 00000000 00:00 0 
7ffbb8f8a000-7ffbb918a000 rw-p 00000000 00:00 0 
7ffbb918a000-7ffbb938a000 rw-p 00000000 00:00 0 
7ffbb938a000-7ffbb958a000 rw-p 00000000 00:00 0 
7ffbb958a000-7ffbb978a000 rw-p 00000000 00:00 0 
7ffbb978a000-7ffbb998a000 rw-p 00000000 00:00 0 
7ffbb998a000-7ffbb99a1000 r-xp 00000000 08:01 13107215                   /lib/x86_64-linux-gnu/libresolv-2.19.so
7ffbb99a1000-7ffbb9ba1000 ---p 00017000 08:01 13107215                   /lib/x86_64-linux-gnu/libresolv-2.19.so
7ffbb9ba1000-7ffbb9ba2000 r--p 00017000 08:01 13107215                   /lib/x86_64-linux-gnu/libresolv-2.19.so
7ffbb9ba2000-7ffbb9ba3000 rw-p 00018000 08:01 13107215                   /lib/x86_64-linux-gnu/libresolv-2.19.so
7ffbb9ba3000-7ffbb9ba5000 rw-p 00000000 00:00 0 
7ffbb9ba5000-7ffbb9baa000 r-xp 00000000 08:01 13111573                   /lib/x86_64-linux-gnu/libnss_dns-2.19.so
7ffbb9baa000-7ffbb9da9000 ---p 00005000 08:01 13111573                   /lib/x86_64-linux-gnu/libnss_dns-2.19.so
7ffbb9da9000-7ffbb9daa000 r--p 00004000 08:01 13111573                   /lib/x86_64-linux-gnu/libnss_dns-2.19.so
7ffbb9daa000-7ffbb9dab000 rw-p 00005000 08:01 13111573                   /lib/x86_64-linux-gnu/libnss_dns-2.19.so
7ffbb9dab000-7ffbb9dad000 r-xp 00000000 08:01 13111381                   /lib/x86_64-linux-gnu/libnss_mdns4_minimal.so.2
7ffbb9dad000-7ffbb9fac000 ---p 00002000 08:01 13111381                   /lib/x86_64-linux-gnu/libnss_mdns4_minimal.so.2
7ffbb9fac000-7ffbb9fad000 r--p 00001000 08:01 13111381                   /lib/x86_64-linux-gnu/libnss_mdns4_minimal.so.2
7ffbb9fad000-7ffbb9fae000 rw-p 00002000 08:01 13111381                   /lib/x86_64-linux-gnu/libnss_mdns4_minimal.so.2
7ffbb9fb7000-7ffbb9fca000 r--s 00344000 08:01 3540455                    /usr/lib/jvm/jdk1.8.0_45/jre/lib/resources.jar
7ffbb9fca000-7ffbb9fcf000 r--s 0003f000 08:01 3540566                    /usr/lib/jvm/jdk1.8.0_45/jre/lib/ext/sunjce_provider.jar
7ffbb9fcf000-7ffbba1cf000 rw-p 00000000 00:00 0 
7ffbba1cf000-7ffbba201000 r-xp 00000000 08:01 3540517                    /usr/lib/jvm/jdk1.8.0_45/jre/lib/amd64/libsunec.so
7ffbba201000-7ffbba400000 ---p 00032000 08:01 3540517                    /usr/lib/jvm/jdk1.8.0_45/jre/lib/amd64/libsunec.so
7ffbba400000-7ffbba406000 rw-p 00031000 08:01 3540517                    /usr/lib/jvm/jdk1.8.0_45/jre/lib/amd64/libsunec.so
7ffbba406000-7ffbba416000 rw-p 00000000 00:00 0 
7ffbba416000-7ffbba417000 r--s 00009000 08:01 3540564                    /usr/lib/jvm/jdk1.8.0_45/jre/lib/ext/sunec.jar
7ffbba417000-7ffbba41a000 r--s 0001a000 08:01 3540596                    /usr/lib/jvm/jdk1.8.0_45/jre/lib/jce.jar
7ffbba41a000-7ffbba61a000 rw-p 00000000 00:00 0 
7ffbba61a000-7ffbba81a000 rw-p 00000000 00:00 0 
7ffbba81a000-7ffbbaa1a000 rw-p 00000000 00:00 0 
7ffbbaa1a000-7ffbbaa22000 r-xp 00000000 08:01 3540495                    /usr/lib/jvm/jdk1.8.0_45/jre/lib/amd64/libmanagement.so
7ffbbaa22000-7ffbbac22000 ---p 00008000 08:01 3540495                    /usr/lib/jvm/jdk1.8.0_45/jre/lib/amd64/libmanagement.so
7ffbbac22000-7ffbbac23000 rw-p 00008000 08:01 3540495                    /usr/lib/jvm/jdk1.8.0_45/jre/lib/amd64/libmanagement.so
7ffbbac23000-7ffbbae23000 rw-p 00000000 00:00 0 
7ffbbae23000-7ffbbae2b000 r--s 000a8000 08:01 3410219                    /home/gofman/android-studio/gradle/m2repository/com/android/tools/external/lombok/lombok-ast/0.2.3/lombok-ast-0.2.3.jar
7ffbbae2b000-7ffbbae2c000 r--s 00004000 08:01 5637599                    /home/gofman/android-studio/gradle/m2repository/com/intellij/annotations/12.0/annotations-12.0.jar
7ffbbae2c000-7ffbbae2e000 r--s 0000d000 08:01 3410375                    /home/gofman/android-studio/gradle/m2repository/commons-codec/commons-codec/1.4/commons-codec-1.4.jar
7ffbbae2e000-7ffbbae30000 r--s 0000d000 08:01 3410031                    /home/gofman/android-studio/gradle/m2repository/commons-logging/commons-logging/1.1.1/commons-logging-1.1.1.jar
7ffbbae30000-7ffbbae35000 r--s 00028000 08:01 3410065                    /home/gofman/android-studio/gradle/m2repository/org/apache/httpcomponents/httpcore/4.1/httpcore-4.1.jar
7ffbbae35000-7ffbbae38000 r--s 0002d000 08:01 5637533                    /home/gofman/android-studio/gradle/m2repository/com/android/tools/lint/lint-api/24.3.0/lint-api-24.3.0.jar
7ffbbae38000-7ffbbae39000 r--s 00004000 08:01 3410123                    /home/gofman/android-studio/gradle/m2repository/org/ow2/asm/asm-analysis/5.0.3/asm-analysis-5.0.3.jar
7ffbbae39000-7ffbbae40000 r--s 00053000 08:01 3410082                    /home/gofman/android-studio/gradle/m2repository/org/apache/commons/commons-compress/1.8.1/commons-compress-1.8.1.jar
7ffbbae40000-7ffbbae45000 r--s 0002a000 08:01 3410173                    /home/gofman/android-studio/gradle/m2repository/com/google/code/gson/gson/2.2.4/gson-2.2.4.jar
7ffbbae45000-7ffbbae47000 r--s 00005000 08:01 3410058                    /home/gofman/android-studio/gradle/m2repository/org/apache/httpcomponents/httpmime/4.1/httpmime-4.1.jar
7ffbbae47000-7ffbbae4a000 r--s 00013000 08:01 5637542                    /home/gofman/android-studio/gradle/m2repository/com/android/tools/layoutlib/layoutlib-api/24.3.0/layoutlib-api-24.3.0.jar
7ffbbae4a000-7ffbbae52000 r--s 0004e000 08:01 3410074                    /home/gofman/android-studio/gradle/m2repository/org/apache/httpcomponents/httpclient/4.1.1/httpclient-4.1.1.jar
7ffbbae52000-7ffbbae53000 r--s 00005000 08:01 5637549                    /home/gofman/android-studio/gradle/m2repository/com/android/tools/dvlib/24.3.0/dvlib-24.3.0.jar
7ffbbae53000-7ffbbae54000 r--s 0000a000 08:01 3410371                    /home/gofman/android-studio/gradle/m2repository/net/sf/kxml/kxml2/2.3.0/kxml2-2.3.0.jar
7ffbbae54000-7ffbbae55000 r--s 00001000 08:01 5637538                    /home/gofman/android-studio/gradle/m2repository/com/android/tools/annotations/24.3.0/annotations-24.3.0.jar
7ffbbae55000-7ffbbae80000 r--s 001f9000 08:01 3410180                    /home/gofman/android-studio/gradle/m2repository/com/google/guava/guava/17.0/guava-17.0.jar
7ffbbae80000-7ffbbae90000 r--s 000d6000 08:01 5637602                    /home/gofman/android-studio/gradle/m2repository/net/sf/proguard/proguard-base/5.2.1/proguard-base-5.2.1.jar
7ffbbae90000-7ffbbaea2000 r--s 00223000 08:01 5637516                    /home/gofman/android-studio/gradle/m2repository/org/eclipse/jdt/core/compiler/ecj/4.4.2/ecj-4.4.2.jar
7ffbbaea2000-7ffbbaea8000 r--s 0009f000 08:01 5637529                    /home/gofman/android-studio/gradle/m2repository/com/android/tools/lint/lint-checks/24.3.0/lint-checks-24.3.0.jar
7ffbbaea8000-7ffbbaea9000 r--s 00002000 08:01 5637570                    /home/gofman/android-studio/gradle/m2repository/com/android/tools/build/builder-test-api/1.3.0/builder-test-api-1.3.0.jar
7ffbbaea9000-7ffbbaeb7000 r--s 00081000 08:01 3410100                    /home/gofman/android-studio/gradle/m2repository/org/bouncycastle/bcpkix-jdk15on/1.48/bcpkix-jdk15on-1.48.jar
7ffbbaeb7000-7ffbbaeb8000 r--s 0000c000 08:01 3410135                    /home/gofman/android-studio/gradle/m2repository/org/ow2/asm/asm/5.0.3/asm-5.0.3.jar
7ffbbaeb8000-7ffbbaeba000 r--s 00006000 08:01 5637523                    /home/gofman/android-studio/gradle/m2repository/com/android/tools/jack/jack-api/0.9.0/jack-api-0.9.0.jar
7ffbbaeba000-7ffbbaebd000 r--s 00028000 08:01 5637581                    /home/gofman/android-studio/gradle/m2repository/com/android/tools/build/manifest-merger/24.3.0/manifest-merger-24.3.0.jar
7ffbbaebd000-7ffbbaec7000 r--s 000ab000 08:01 5637587                    /home/gofman/android-studio/gradle/m2repository/com/android/tools/sdklib/24.3.0/sdklib-24.3.0.jar
7ffbbaec7000-7ffbbaecb000 r--s 00044000 08:01 5637557                    /home/gofman/android-studio/gradle/m2repository/com/android/tools/ddms/ddmlib/24.3.0/ddmlib-24.3.0.jar
7ffbbaecb000-7ffbbaecd000 r--s 00005000 08:01 5637593                    /home/gofman/android-studio/gradle/m2repository/com/android/tools/jill/jill-api/0.9.0/jill-api-0.9.0.jar
7ffbbaecd000-7ffbbaf00000 r--s 00203000 08:01 3410106                    /home/gofman/android-studio/gradle/m2repository/org/bouncycastle/bcprov-jdk15on/1.48/bcprov-jdk15on-1.48.jar
7ffbbaf00000-7ffbbaf07000 r--s 00068000 08:01 5637547                    /home/gofman/android-studio/gradle/m2repository/com/android/tools/sdk-common/24.3.0/sdk-common-24.3.0.jar
7ffbbaf07000-7ffbbb107000 rw-p 00000000 00:00 0 
7ffbbb107000-7ffbbb307000 rw-p 00000000 00:00 0 
7ffbbb307000-7ffbbb507000 rw-p 00000000 00:00 0 
7ffbbb507000-7ffbbb5cd000 r--s 010eb000 08:01 3540109                    /home/gofman/android-studio/lib/openapi.jar
7ffbbb5cd000-7ffbbb639000 r--s 00696000 08:01 3540172                    /home/gofman/android-studio/lib/groovy-all-2.3.9.jar
7ffbbb639000-7ffbbb839000 rw-p 00000000 00:00 0 
7ffbbb839000-7ffbbba39000 rw-p 00000000 00:00 0 
7ffbbba39000-7ffbbbaff000 r--s 010eb000 08:01 5374781                    /home/gofman/.gradle/caches/jars-1/8l94hdzg80p7kctffdd05tje3oxkl3u/openapi.jar
7ffbbbaff000-7ffbbbb02000 ---p 00000000 00:00 0 
7ffbbbb02000-7ffbbbe00000 rw-p 00000000 00:00 0                          [stack:4214]
7ffbbbe00000-7ffbbc000000 rw-p 00000000 00:00 0 
7ffbbc000000-7ffbbc021000 rw-p 00000000 00:00 0 
7ffbbc021000-7ffbc0000000 ---p 00000000 00:00 0 
7ffbc0000000-7ffbc0002000 r--s 00002000 08:01 3410162                    /home/gofman/android-studio/gradle/m2repository/com/squareup/javawriter/2.5.0/javawriter-2.5.0.jar
7ffbc0002000-7ffbc0004000 r--s 00006000 08:01 3410147                    /home/gofman/android-studio/gradle/m2repository/org/ow2/asm/asm-tree/5.0.3/asm-tree-5.0.3.jar
7ffbc0004000-7ffbc0006000 r--s 00015000 08:01 5637554                    /home/gofman/android-studio/gradle/m2repository/com/android/tools/common/24.3.0/common-24.3.0.jar
7ffbc0006000-7ffbc0009000 r--s 00020000 08:01 5637527                    /home/gofman/android-studio/gradle/m2repository/com/android/tools/lint/lint/24.3.0/lint-24.3.0.jar
7ffbc0009000-7ffbc000f000 r--s 0003f000 08:01 5637561                    /home/gofman/android-studio/gradle/m2repository/com/android/tools/build/builder/1.3.0/builder-1.3.0.jar
7ffbc000f000-7ffbc0024000 r--s 00148000 08:01 5637577                    /home/gofman/android-studio/gradle/m2repository/com/android/tools/build/gradle-core/1.3.0/gradle-core-1.3.0.jar
7ffbc0024000-7ffbc0027000 ---p 00000000 00:00 0 
7ffbc0027000-7ffbc005d000 rw-p 00000000 00:00 0                          [stack:4220]
7ffbc005d000-7ffbc0085000 r--s 001cf000 08:01 3542294                    /home/gofman/.gradle/caches/jars-1/87eo0lrvp84r6dbxjq018wy66es2era/guava-jdk5-17.0.jar
7ffbc0085000-7ffbc00fe000 r--s 010e7000 08:01 3541508                    /usr/lib/jvm/jdk1.8.0_45/lib/tools.jar
7ffbc00fe000-7ffbc0101000 ---p 00000000 00:00 0 
7ffbc0101000-7ffbc01ff000 rw-p 00000000 00:00 0                          [stack:4233]
7ffbc01ff000-7ffbc0202000 ---p 00000000 00:00 0 
7ffbc0202000-7ffbc0300000 rw-p 00000000 00:00 0                          [stack:4208]
7ffbc0300000-7ffbc0303000 ---p 00000000 00:00 0 
7ffbc0303000-7ffbc0601000 rw-p 00000000 00:00 0                          [stack:4231]
7ffbc0601000-7ffbc0604000 ---p 00000000 00:00 0 
7ffbc0604000-7ffbc0702000 rw-p 00000000 00:00 0                          [stack:4230]
7ffbc0702000-7ffbc0705000 ---p 00000000 00:00 0 
7ffbc0705000-7ffbc0803000 rw-p 00000000 00:00 0                          [stack:4205]
7ffbc0803000-7ffbc0806000 ---p 00000000 00:00 0 
7ffbc0806000-7ffbc0904000 rw-p 00000000 00:00 0                          [stack:4204]
7ffbc0904000-7ffbc0915000 r-xp 00000000 08:01 3540482                    /usr/lib/jvm/jdk1.8.0_45/jre/lib/amd64/libnio.so
7ffbc0915000-7ffbc0b14000 ---p 00011000 08:01 3540482                    /usr/lib/jvm/jdk1.8.0_45/jre/lib/amd64/libnio.so
7ffbc0b14000-7ffbc0b15000 rw-p 00010000 08:01 3540482                    /usr/lib/jvm/jdk1.8.0_45/jre/lib/amd64/libnio.so
7ffbc0b15000-7ffbc0b2b000 r-xp 00000000 08:01 3540508                    /usr/lib/jvm/jdk1.8.0_45/jre/lib/amd64/libnet.so
7ffbc0b2b000-7ffbc0d2b000 ---p 00016000 08:01 3540508                    /usr/lib/jvm/jdk1.8.0_45/jre/lib/amd64/libnet.so
7ffbc0d2b000-7ffbc0d2c000 rw-p 00016000 08:01 3540508                    /usr/lib/jvm/jdk1.8.0_45/jre/lib/amd64/libnet.so
7ffbc0d2c000-7ffbc0d42000 r-xp 00000000 08:01 13111326                   /lib/x86_64-linux-gnu/libgcc_s.so.1
7ffbc0d42000-7ffbc0f41000 ---p 00016000 08:01 13111326                   /lib/x86_64-linux-gnu/libgcc_s.so.1
7ffbc0f41000-7ffbc0f42000 rw-p 00015000 08:01 13111326                   /lib/x86_64-linux-gnu/libgcc_s.so.1
7ffbc0f42000-7ffbc1028000 r-xp 00000000 08:01 6816124                    /usr/lib/x86_64-linux-gnu/libstdc++.so.6.0.19
7ffbc1028000-7ffbc1227000 ---p 000e6000 08:01 6816124                    /usr/lib/x86_64-linux-gnu/libstdc++.so.6.0.19
7ffbc1227000-7ffbc122f000 r--p 000e5000 08:01 6816124                    /usr/lib/x86_64-linux-gnu/libstdc++.so.6.0.19
7ffbc122f000-7ffbc1231000 rw-p 000ed000 08:01 6816124                    /usr/lib/x86_64-linux-gnu/libstdc++.so.6.0.19
7ffbc1231000-7ffbc1246000 rw-p 00000000 00:00 0 
7ffbc1246000-7ffbc1247000 r--s 00005000 08:01 5637565                    /home/gofman/android-studio/gradle/m2repository/com/android/tools/build/builder-model/1.3.0/builder-model-1.3.0.jar
7ffbc1247000-7ffbc1248000 r--s 00002000 08:01 5637606                    /home/gofman/android-studio/gradle/m2repository/net/sf/proguard/proguard-gradle/5.2.1/proguard-gradle-5.2.1.jar
7ffbc1248000-7ffbc124a000 r--s 00012000 08:01 5637574                    /home/gofman/android-studio/gradle/m2repository/com/android/tools/build/gradle/1.3.0/gradle-1.3.0.jar
7ffbc124a000-7ffbc124f000 r--s 0002e000 08:01 3540057                    /home/gofman/android-studio/lib/gson-2.3.jar
7ffbc124f000-7ffbc1251000 r--s 00026000 08:01 3409295                    /home/gofman/android-studio/plugins/gradle/lib/gradle-tooling-extension-impl.jar
7ffbc1251000-7ffbc1253000 r--s 00006000 08:01 3409570                    /home/gofman/android-studio/plugins/gradle/lib/gradle-tooling-extension-api.jar
7ffbc1253000-7ffbc1254000 r--p 00000000 00:00 0 
7ffbc1254000-7ffbc1255000 r--s 00000000 08:01 3542302                    /home/gofman/.gradle/caches/jars-1/dg22azhabc6tsc1i8xni15giz1bnssh/gradle-appengine-builder-model-0.1.0.jar
7ffbc1255000-7ffbc1256000 r--s 00005000 08:01 5638502                    /home/gofman/.gradle/caches/jars-1/ddb3xo63sk87376y3m4i33byir38fre/builder-model-1.3.0.jar
7ffbc1256000-7ffbc1258000 r--s 00006000 08:01 5374752                    /home/gofman/.gradle/caches/jars-1/p1m0o3vtexgwvybv096m7y02fw18s8w/gradle-tooling-extension-api.jar
7ffbc1258000-7ffbc125e000 r--s 00026000 08:01 3542296                    /home/gofman/.gradle/caches/jars-1/qlb402qqdb9mu9614i3hr843cfch7zw/gradle-base-services-2.2.jar
7ffbc125e000-7ffbc1267000 r--s 0002c000 08:01 3542292                    /home/gofman/.gradle/caches/jars-1/ltkluv74baem3ersp41z8rutm6he5v5/gradle-tooling-api-2.2.jar
7ffbc1267000-7ffbc126b000 r-xp 00000000 08:01 5375611                    /tmp/native-platform1123080907578588390dir/libnative-platform.so
7ffbc126b000-7ffbc146a000 ---p 00004000 08:01 5375611                    /tmp/native-platform1123080907578588390dir/libnative-platform.so
7ffbc146a000-7ffbc146b000 rw-p 00003000 08:01 5375611                    /tmp/native-platform1123080907578588390dir/libnative-platform.so
7ffbc146b000-7ffbc1470000 r--s 00094000 08:01 3540459                    /usr/lib/jvm/jdk1.8.0_45/jre/lib/jsse.jar
7ffbc1470000-7ffbc1471000 r--s 00001000 08:01 4325932                    /home/gofman/.gradle/wrapper/dists/gradle-2.2.1-all/c64ydeuardnfqctvr1gm30w53/gradle-2.2.1/lib/plugins/gradle-plugin-development-2.2.1.jar
7ffbc1471000-7ffbc1473000 r--s 00002000 08:01 4325931                    /home/gofman/.gradle/wrapper/dists/gradle-2.2.1-all/c64ydeuardnfqctvr1gm30w53/gradle-2.2.1/lib/plugins/gradle-cunit-2.2.1.jar
7ffbc1473000-7ffbc1478000 r--s 00036000 08:01 4325930                    /home/gofman/.gradle/wrapper/dists/gradle-2.2.1-all/c64ydeuardnfqctvr1gm30w53/gradle-2.2.1/lib/plugins/gradle-ide-native-2.2.1.jar
7ffbc1478000-7ffbc147d000 r--s 00013000 08:01 4325929                    /home/gofman/.gradle/wrapper/dists/gradle-2.2.1-all/c64ydeuardnfqctvr1gm30w53/gradle-2.2.1/lib/plugins/gradle-language-native-2.2.1.jar
7ffbc147d000-7ffbc1488000 r--s 0004d000 08:01 4325928                    /home/gofman/.gradle/wrapper/dists/gradle-2.2.1-all/c64ydeuardnfqctvr1gm30w53/gradle-2.2.1/lib/plugins/gradle-platform-native-2.2.1.jar
7ffbc1488000-7ffbc148a000 r--s 00008000 08:01 4325927                    /home/gofman/.gradle/wrapper/dists/gradle-2.2.1-all/c64ydeuardnfqctvr1gm30w53/gradle-2.2.1/lib/plugins/gradle-language-groovy-2.2.1.jar
7ffbc148a000-7ffbc148f000 r--s 00022000 08:01 4325926                    /home/gofman/.gradle/wrapper/dists/gradle-2.2.1-all/c64ydeuardnfqctvr1gm30w53/gradle-2.2.1/lib/plugins/gradle-language-java-2.2.1.jar
7ffbc148f000-7ffbc1492000 r--s 00007000 08:01 4325925                    /home/gofman/.gradle/wrapper/dists/gradle-2.2.1-all/c64ydeuardnfqctvr1gm30w53/gradle-2.2.1/lib/plugins/gradle-language-jvm-2.2.1.jar
7ffbc1492000-7ffbc1495000 r--s 00009000 08:01 4325924                    /home/gofman/.gradle/wrapper/dists/gradle-2.2.1-all/c64ydeuardnfqctvr1gm30w53/gradle-2.2.1/lib/plugins/gradle-platform-jvm-2.2.1.jar
7ffbc1495000-7ffbc149a000 r--s 00018000 08:01 4325923                    /home/gofman/.gradle/wrapper/dists/gradle-2.2.1-all/c64ydeuardnfqctvr1gm30w53/gradle-2.2.1/lib/plugins/gradle-platform-base-2.2.1.jar
7ffbc149a000-7ffbc149f000 r--s 00026000 08:01 4325922                    /home/gofman/.gradle/wrapper/dists/gradle-2.2.1-all/c64ydeuardnfqctvr1gm30w53/gradle-2.2.1/lib/plugins/gradle-build-init-2.2.1.jar
7ffbc149f000-7ffbc14a2000 r--s 0001d000 08:01 4325921                    /home/gofman/.gradle/wrapper/dists/gradle-2.2.1-all/c64ydeuardnfqctvr1gm30w53/gradle-2.2.1/lib/plugins/gradle-jacoco-2.2.1.jar
7ffbc14a2000-7ffbc14a5000 r--s 0000d000 08:01 4325920                    /home/gofman/.gradle/wrapper/dists/gradle-2.2.1-all/c64ydeuardnfqctvr1gm30w53/gradle-2.2.1/lib/plugins/gradle-ivy-2.2.1.jar
7ffbc14a5000-7ffbc14a7000 r--s 00002000 08:01 4325919                    /home/gofman/.gradle/wrapper/dists/gradle-2.2.1-all/c64ydeuardnfqctvr1gm30w53/gradle-2.2.1/lib/plugins/gradle-publish-2.2.1.jar
7ffbc14a7000-7ffbc14a9000 r--s 00005000 08:01 4325957                    /home/gofman/.gradle/wrapper/dists/gradle-2.2.1-all/c64ydeuardnfqctvr1gm30w53/gradle-2.2.1/lib/plugins/jatl-0.2.2.jar
7ffbc14a9000-7ffbc14ab000 r--s 0000f000 08:01 4325918                    /home/gofman/.gradle/wrapper/dists/gradle-2.2.1-all/c64ydeuardnfqctvr1gm30w53/gradle-2.2.1/lib/plugins/gradle-reporting-2.2.1.jar
7ffbc14ab000-7ffbc14b0000 r--s 00034000 08:01 4325917                    /home/gofman/.gradle/wrapper/dists/gradle-2.2.1-all/c64ydeuardnfqctvr1gm30w53/gradle-2.2.1/lib/plugins/gradle-diagnostics-2.2.1.jar
7ffbc14b0000-7ffbc14b7000 r--s 00090000 08:01 4325916                    /home/gofman/.gradle/wrapper/dists/gradle-2.2.1-all/c64ydeuardnfqctvr1gm30w53/gradle-2.2.1/lib/plugins/gradle-build-comparison-2.2.1.jar
7ffbc14b7000-7ffbc14be000 r--s 00035000 08:01 4325956                    /home/gofman/.gradle/wrapper/dists/gradle-2.2.1-all/c64ydeuardnfqctvr1gm30w53/gradle-2.2.1/lib/plugins/simple-4.1.21.jar
7ffbc14be000-7ffbc14ca000 r--s 00100000 08:01 4325954                    /home/gofman/.gradle/wrapper/dists/gradle-2.2.1-all/c64ydeuardnfqctvr1gm30w53/gradle-2.2.1/lib/plugins/rhino-1.7R3.jar
7ffbc14ca000-7ffbc14cf000 r--s 0001f000 08:01 4325915                    /home/gofman/.gradle/wrapper/dists/gradle-2.2.1-all/c64ydeuardnfqctvr1gm30w53/gradle-2.2.1/lib/plugins/gradle-javascript-2.2.1.jar
7ffbc14cf000-7ffbc14d1000 r--s 0000e000 08:01 4325914                    /home/gofman/.gradle/wrapper/dists/gradle-2.2.1-all/c64ydeuardnfqctvr1gm30w53/gradle-2.2.1/lib/plugins/gradle-ear-2.2.1.jar
7ffbc14d1000-7ffbc14d5000 r--s 00025000 08:01 4325953                    /home/gofman/.gradle/wrapper/dists/gradle-2.2.1-all/c64ydeuardnfqctvr1gm30w53/gradle-2.2.1/lib/plugins/bcpg-jdk15-1.46.jar
7ffbc14d5000-7ffbc14d8000 r--s 0001d000 08:01 4325913                    /home/gofman/.gradle/wrapper/dists/gradle-2.2.1-all/c64ydeuardnfqctvr1gm30w53/gradle-2.2.1/lib/plugins/gradle-signing-2.2.1.jar
7ffbc14d8000-7ffbc14d9000 r--s 00002000 08:01 4325952                    /home/gofman/.gradle/wrapper/dists/gradle-2.2.1-all/c64ydeuardnfqctvr1gm30w53/gradle-2.2.1/lib/plugins/sonar-batch-bootstrapper-2.9.jar
7ffbc14d9000-7ffbc14dc000 r--s 00018000 08:01 4325912                    /home/gofman/.gradle/wrapper/dists/gradle-2.2.1-all/c64ydeuardnfqctvr1gm30w53/gradle-2.2.1/lib/plugins/gradle-sonar-2.2.1.jar
7ffbc14dc000-7ffbc14df000 r--s 00017000 08:01 4325911                    /home/gofman/.gradle/wrapper/dists/gradle-2.2.1-all/c64ydeuardnfqctvr1gm30w53/gradle-2.2.1/lib/plugins/gradle-scala-2.2.1.jar
7ffbc14df000-7ffbc14e1000 r--s 0000e000 08:01 4325910                    /home/gofman/.gradle/wrapper/dists/gradle-2.2.1-all/c64ydeuardnfqctvr1gm30w53/gradle-2.2.1/lib/plugins/gradle-announce-2.2.1.jar
7ffbc14e1000-7ffbc14ef000 r--s 000bc000 08:01 4325909                    /home/gofman/.gradle/wrapper/dists/gradle-2.2.1-all/c64ydeuardnfqctvr1gm30w53/gradle-2.2.1/lib/plugins/gradle-ide-2.2.1.jar
7ffbc14ef000-7ffbc14f1000 r--s 00000000 08:01 4325951                    /home/gofman/.gradle/wrapper/dists/gradle-2.2.1-all/c64ydeuardnfqctvr1gm30w53/gradle-2.2.1/lib/plugins/plexus-component-annotations-1.5.2.jar
7ffbc14f1000-7ffbc14f4000 r--s 0000c000 08:01 4325950                    /home/gofman/.gradle/wrapper/dists/gradle-2.2.1-all/c64ydeuardnfqctvr1gm30w53/gradle-2.2.1/lib/plugins/pmaven-groovy-0.8-20100325.jar
7ffbc14f4000-7ffbc14f5000 r--s 00004000 08:01 4325949                    /home/gofman/.gradle/wrapper/dists/gradle-2.2.1-all/c64ydeuardnfqctvr1gm30w53/gradle-2.2.1/lib/plugins/pmaven-common-0.8-20100325.jar
7ffbc14f5000-7ffbc14f9000 r--s 0001e000 08:01 4325908                    /home/gofman/.gradle/wrapper/dists/gradle-2.2.1-all/c64ydeuardnfqctvr1gm30w53/gradle-2.2.1/lib/plugins/gradle-maven-2.2.1.jar
7ffbc14f9000-7ffbc1511000 r--s 0013b000 08:01 4325947                    /home/gofman/.gradle/wrapper/dists/gradle-2.2.1-all/c64ydeuardnfqctvr1gm30w53/gradle-2.2.1/lib/plugins/bndlib-2.1.0.jar
7ffbc1511000-7ffbc1513000 r--s 00004000 08:01 4325907                    /home/gofman/.gradle/wrapper/dists/gradle-2.2.1-all/c64ydeuardnfqctvr1gm30w53/gradle-2.2.1/lib/plugins/gradle-osgi-2.2.1.jar
7ffbc1513000-7ffbc1518000 r--s 00068000 08:01 4325946                    /home/gofman/.gradle/wrapper/dists/gradle-2.2.1-all/c64ydeuardnfqctvr1gm30w53/gradle-2.2.1/lib/plugins/antlr-2.7.7.jar
7ffbc1518000-7ffbc1519000 r--s 00002000 08:01 4325945                    /home/gofman/.gradle/wrapper/dists/gradle-2.2.1-all/c64ydeuardnfqctvr1gm30w53/gradle-2.2.1/lib/plugins/ant-antlr-1.9.3.jar
7ffbc1519000-7ffbc151b000 r--s 00004000 08:01 4325906                    /home/gofman/.gradle/wrapper/dists/gradle-2.2.1-all/c64ydeuardnfqctvr1gm30w53/gradle-2.2.1/lib/plugins/gradle-antlr-2.2.1.jar
7ffbc151b000-7ffbc151e000 r--s 0001e000 08:01 4325968                    /home/gofman/.gradle/wrapper/dists/gradle-2.2.1-all/c64ydeuardnfqctvr1gm30w53/gradle-2.2.1/lib/plugins/jsp-api-2.1-6.1.14.jar
7ffbc151e000-7ffbc1541000 r--s 00344000 08:01 4325967                    /home/gofman/.gradle/wrapper/dists/gradle-2.2.1-all/c64ydeuardnfqctvr1gm30w53/gradle-2.2.1/lib/plugins/core-3.1.1.jar
7ffbc1541000-7ffbc1542000 r--s 00006000 08:01 4325966                    /home/gofman/.gradle/wrapper/dists/gradle-2.2.1-all/c64ydeuardnfqctvr1gm30w53/gradle-2.2.1/lib/plugins/jetty-naming-6.1.25.jar
7ffbc1542000-7ffbc1543000 r--s 00002000 08:01 4325944                    /home/gofman/.gradle/wrapper/dists/gradle-2.2.1-all/c64ydeuardnfqctvr1gm30w53/gradle-2.2.1/lib/plugins/geronimo-annotation_1.0_spec-1.0.jar
7ffbc1543000-7ffbc1545000 r--s 00002000 08:01 4325943                    /home/gofman/.gradle/wrapper/dists/gradle-2.2.1-all/c64ydeuardnfqctvr1gm30w53/gradle-2.2.1/lib/plugins/jetty-annotations-6.1.25.jar
7ffbc1545000-7ffbc1556000 r--s 000ea000 08:01 4325942                    /home/gofman/.gradle/wrapper/dists/gradle-2.2.1-all/c64ydeuardnfqctvr1gm30w53/gradle-2.2.1/lib/plugins/jsp-2.1-6.1.14.jar
7ffbc1556000-7ffbc1558000 r--s 0000d000 08:01 4325941                    /home/gofman/.gradle/wrapper/dists/gradle-2.2.1-all/c64ydeuardnfqctvr1gm30w53/gradle-2.2.1/lib/plugins/jetty-plus-6.1.25.jar
7ffbc1558000-7ffbc155a000 r--s 0001f000 08:01 4325940                    /home/gofman/.gradle/wrapper/dists/gradle-2.2.1-all/c64ydeuardnfqctvr1gm30w53/gradle-2.2.1/lib/plugins/servlet-api-2.5-20081211.jar
7ffbc155a000-7ffbc155e000 r--s 00028000 08:01 4325939                    /home/gofman/.gradle/wrapper/dists/gradle-2.2.1-all/c64ydeuardnfqctvr1gm30w53/gradle-2.2.1/lib/plugins/jetty-util-6.1.25.jar
7ffbc155e000-7ffbc1565000 r--s 0007d000 08:01 4325938                    /home/gofman/.gradle/wrapper/dists/gradle-2.2.1-all/c64ydeuardnfqctvr1gm30w53/gradle-2.2.1/lib/plugins/jetty-6.1.25.jar
7ffbc1565000-7ffbc1567000 r--s 00009000 08:01 4325905                    /home/gofman/.gradle/wrapper/dists/gradle-2.2.1-all/c64ydeuardnfqctvr1gm30w53/gradle-2.2.1/lib/plugins/gradle-jetty-2.2.1.jar
7ffbc1567000-7ffbc156c000 r--s 00041000 08:01 4325904                    /home/gofman/.gradle/wrapper/dists/gradle-2.2.1-all/c64ydeuardnfqctvr1gm30w53/gradle-2.2.1/lib/plugins/gradle-code-quality-2.2.1.jar
7ffbc156c000-7ffbc156e000 r--s 00009000 08:01 4325976                    /home/gofman/.gradle/wrapper/dists/gradle-2.2.1-all/c64ydeuardnfqctvr1gm30w53/gradle-2.2.1/lib/plugins/hamcrest-core-1.3.jar
7ffbc156e000-7ffbc1574000 r--s 00033000 08:01 4325965                    /home/gofman/.gradle/wrapper/dists/gradle-2.2.1-all/c64ydeuardnfqctvr1gm30w53/gradle-2.2.1/lib/plugins/snakeyaml-1.6.jar
7ffbc1574000-7ffbc1576000 r--s 00006000 08:01 4325964                    /home/gofman/.gradle/wrapper/dists/gradle-2.2.1-all/c64ydeuardnfqctvr1gm30w53/gradle-2.2.1/lib/plugins/jcommander-1.12.jar
7ffbc1576000-7ffbc157b000 r--s 00040000 08:01 4325963                    /home/gofman/.gradle/wrapper/dists/gradle-2.2.1-all/c64ydeuardnfqctvr1gm30w53/gradle-2.2.1/lib/plugins/bsh-2.0b4.jar
7ffbc157b000-7ffbc157d000 r--s 00009000 08:01 4325937                    /home/gofman/.gradle/wrapper/dists/gradle-2.2.1-all/c64ydeuardnfqctvr1gm30w53/gradle-2.2.1/lib/plugins/commons-cli-1.2.jar
7ffbc157d000-7ffbc1586000 r--s 00089000 08:01 4325936                    /home/gofman/.gradle/wrapper/dists/gradle-2.2.1-all/c64ydeuardnfqctvr1gm30w53/gradle-2.2.1/lib/plugins/testng-6.3.1.jar
7ffbc1586000-7ffbc158c000 r--s 00036000 08:01 4325935                    /home/gofman/.gradle/wrapper/dists/gradle-2.2.1-all/c64ydeuardnfqctvr1gm30w53/gradle-2.2.1/lib/plugins/junit-4.11.jar
7ffbc158c000-7ffbc1598000 r--s 00075000 08:01 4325903                    /home/gofman/.gradle/wrapper/dists/gradle-2.2.1-all/c64ydeuardnfqctvr1gm30w53/gradle-2.2.1/lib/plugins/gradle-plugins-2.2.1.jar
7ffbc1598000-7ffbc159b000 r--s 00011000 08:01 4325933                    /home/gofman/.gradle/wrapper/dists/gradle-2.2.1-all/c64ydeuardnfqctvr1gm30w53/gradle-2.2.1/lib/plugins/gradle-plugin-use-2.2.1.jar
7ffbc159b000-7ffbc15b3000 r--s 00115000 08:01 4325974                    /home/gofman/.gradle/wrapper/dists/gradle-2.2.1-all/c64ydeuardnfqctvr1gm30w53/gradle-2.2.1/lib/plugins/xercesImpl-2.9.1.jar
7ffbc15b3000-7ffbc15bb000 r--s 00028000 08:01 4325975                    /home/gofman/.gradle/wrapper/dists/gradle-2.2.1-all/c64ydeuardnfqctvr1gm30w53/gradle-2.2.1/lib/plugins/xml-apis-1.3.04.jar
7ffbc15bb000-7ffbc15c1000 r--s 0005b000 08:01 4325973                    /home/gofman/.gradle/wrapper/dists/gradle-2.2.1-all/c64ydeuardnfqctvr1gm30w53/gradle-2.2.1/lib/plugins/jcifs-1.3.17.jar
7ffbc15c1000-7ffbc15c7000 r--s 00031000 08:01 4325972                    /home/gofman/.gradle/wrapper/dists/gradle-2.2.1-all/c64ydeuardnfqctvr1gm30w53/gradle-2.2.1/lib/plugins/httpcore-4.2.2.jar
7ffbc15c7000-7ffbc15cd000 r--s 00033000 08:01 4325971                    /home/gofman/.gradle/wrapper/dists/gradle-2.2.1-all/c64ydeuardnfqctvr1gm30w53/gradle-2.2.1/lib/plugins/commons-codec-1.6.jar
7ffbc15cd000-7ffbc15d0000 r--s 0001c000 08:01 4325970                    /home/gofman/.gradle/wrapper/dists/gradle-2.2.1-all/c64ydeuardnfqctvr1gm30w53/gradle-2.2.1/lib/plugins/nekohtml-1.9.14.jar
7ffbc15d0000-7ffbc15d9000 r--s 00060000 08:01 4325969                    /home/gofman/.gradle/wrapper/dists/gradle-2.2.1-all/c64ydeuardnfqctvr1gm30w53/gradle-2.2.1/lib/plugins/httpclient-4.2.2.jar
7ffbc15d9000-7ffbc15db000 r--s 00007000 08:01 4325958                    /home/gofman/.gradle/wrapper/dists/gradle-2.2.1-all/c64ydeuardnfqctvr1gm30w53/gradle-2.2.1/lib/plugins/gradle-resources-http-2.2.1.jar
7ffbc15db000-7ffbc1603000 r--s 00194000 08:01 4325962                    /home/gofman/.gradle/wrapper/dists/gradle-2.2.1-all/c64ydeuardnfqctvr1gm30w53/gradle-2.2.1/lib/plugins/bcprov-jdk15-1.46.jar
7ffbc1603000-7ffbc1607000 r--s 0001d000 08:01 4325961                    /home/gofman/.gradle/wrapper/dists/gradle-2.2.1-all/c64ydeuardnfqctvr1gm30w53/gradle-2.2.1/lib/plugins/xbean-reflect-3.4.jar
7ffbc1607000-7ffbc160c000 r--s 0002a000 08:01 4325955                    /home/gofman/.gradle/wrapper/dists/gradle-2.2.1-all/c64ydeuardnfqctvr1gm30w53/gradle-2.2.1/lib/plugins/gson-2.2.4.jar
7ffbc160c000-7ffbc1610000 r--s 0003d000 08:01 4325960                    /home/gofman/.gradle/wrapper/dists/gradle-2.2.1-all/c64ydeuardnfqctvr1gm30w53/gradle-2.2.1/lib/plugins/jsch-0.1.51.jar
7ffbc1610000-7ffbc1629000 r--s 00129000 08:01 4325948                    /home/gofman/.gradle/wrapper/dists/gradle-2.2.1-all/c64ydeuardnfqctvr1gm30w53/gradle-2.2.1/lib/plugins/maven-ant-tasks-2.1.3.jar
7ffbc1629000-7ffbc1638000 r--s 000d9000 08:01 4325959                    /home/gofman/.gradle/wrapper/dists/gradle-2.2.1-all/c64ydeuardnfqctvr1gm30w53/gradle-2.2.1/lib/plugins/ivy-2.2.0.jar
7ffbc1638000-7ffbc163c000 r--s 0001e000 08:01 4325902                    /home/gofman/.gradle/wrapper/dists/gradle-2.2.1-all/c64ydeuardnfqctvr1gm30w53/gradle-2.2.1/lib/plugins/jarjar-aether-impl-1.13.1.jar
7ffbc163c000-7ffbc163f000 r--s 00027000 08:01 4325901                    /home/gofman/.gradle/wrapper/dists/gradle-2.2.1-all/c64ydeuardnfqctvr1gm30w53/gradle-2.2.1/lib/plugins/jarjar-maven-model-3.0.4.jar
7ffbc163f000-7ffbc1642000 r--s 0000b000 08:01 4325900                    /home/gofman/.gradle/wrapper/dists/gradle-2.2.1-all/c64ydeuardnfqctvr1gm30w53/gradle-2.2.1/lib/plugins/jarjar-maven-artifact-3.0.4.jar
7ffbc1642000-7ffbc1646000 r--s 0001e000 08:01 4325899                    /home/gofman/.gradle/wrapper/dists/gradle-2.2.1-all/c64ydeuardnfqctvr1gm30w53/gradle-2.2.1/lib/plugins/jarjar-aether-util-1.13.1.jar
7ffbc1646000-7ffbc1648000 r--s 00007000 08:01 4325898                    /home/gofman/.gradle/wrapper/dists/gradle-2.2.1-all/c64ydeuardnfqctvr1gm30w53/gradle-2.2.1/lib/plugins/jarjar-wagon-http-shared4-2.4.jar
7ffbc1648000-7ffbc1655000 r--s 00083000 08:01 4325897                    /home/gofman/.gradle/wrapper/dists/gradle-2.2.1-all/c64ydeuardnfqctvr1gm30w53/gradle-2.2.1/lib/plugins/jarjar-maven-core-3.0.4.jar
7ffbc1655000-7ffbc1657000 r--s 00003000 08:01 4325896                    /home/gofman/.gradle/wrapper/dists/gradle-2.2.1-all/c64ydeuardnfqctvr1gm30w53/gradle-2.2.1/lib/plugins/jarjar-aether-spi-1.13.1.jar
7ffbc1657000-7ffbc1659000 r--s 00009000 08:01 4325895                    /home/gofman/.gradle/wrapper/dists/gradle-2.2.1-all/c64ydeuardnfqctvr1gm30w53/gradle-2.2.1/lib/plugins/jarjar-maven-settings-builder-3.0.4.jar
7ffbc1659000-7ffbc165d000 r--s 00014000 08:01 4325894                    /home/gofman/.gradle/wrapper/dists/gradle-2.2.1-all/c64ydeuardnfqctvr1gm30w53/gradle-2.2.1/lib/plugins/jarjar-aether-api-1.13.1.jar
7ffbc165d000-7ffbc165e000 r--s 00002000 08:01 4325893                    /home/gofman/.gradle/wrapper/dists/gradle-2.2.1-all/c64ydeuardnfqctvr1gm30w53/gradle-2.2.1/lib/plugins/jarjar-wagon-http-2.4.jar
7ffbc165e000-7ffbc1665000 r--s 00042000 08:01 4325892                    /home/gofman/.gradle/wrapper/dists/gradle-2.2.1-all/c64ydeuardnfqctvr1gm30w53/gradle-2.2.1/lib/plugins/jarjar-maven-compat-3.0.4.jar
7ffbc1665000-7ffbc1667000 r--s 00006000 08:01 4325891                    /home/gofman/.gradle/wrapper/dists/gradle-2.2.1-all/c64ydeuardnfqctvr1gm30w53/gradle-2.2.1/lib/plugins/jarjar-aether-connector-wagon-1.13.1.jar
7ffbc1667000-7ffbc1669000 r--s 00000000 08:01 4325890                    /home/gofman/.gradle/wrapper/dists/gradle-2.2.1-all/c64ydeuardnfqctvr1gm30w53/gradle-2.2.1/lib/plugins/jarjar-plexus-component-annotations-1.5.5.jar
7ffbc1669000-7ffbc166b000 r--s 00006000 08:01 4325889                    /home/gofman/.gradle/wrapper/dists/gradle-2.2.1-all/c64ydeuardnfqctvr1gm30w53/gradle-2.2.1/lib/plugins/jarjar-plexus-sec-dispatcher-1.3.jar
7ffbc166b000-7ffbc1670000 r--s 00022000 08:01 4325888                    /home/gofman/.gradle/wrapper/dists/gradle-2.2.1-all/c64ydeuardnfqctvr1gm30w53/gradle-2.2.1/lib/plugins/jarjar-maven-model-builder-3.0.4.jar
7ffbc1670000-7ffbc1672000 r--s 0000b000 08:01 4325887                    /home/gofman/.gradle/wrapper/dists/gradle-2.2.1-all/c64ydeuardnfqctvr1gm30w53/gradle-2.2.1/lib/plugins/jarjar-maven-plugin-api-3.0.4.jar
7ffbc1672000-7ffbc1675000 r--s 0000a000 08:01 4325886                    /home/gofman/.gradle/wrapper/dists/gradle-2.2.1-all/c64ydeuardnfqctvr1gm30w53/gradle-2.2.1/lib/plugins/jarjar-plexus-classworlds-2.4.jar
7ffbc1675000-7ffbc1679000 r--s 00035000 08:01 4325885                    /home/gofman/.gradle/wrapper/dists/gradle-2.2.1-all/c64ydeuardnfqctvr1gm30w53/gradle-2.2.1/lib/plugins/jarjar-plexus-utils-2.0.6.jar
7ffbc1679000-7ffbc167b000 r--s 0000e000 08:01 4325884                    /home/gofman/.gradle/wrapper/dists/gradle-2.2.1-all/c64ydeuardnfqctvr1gm30w53/gradle-2.2.1/lib/plugins/jarjar-plexus-interpolation-1.14.jar
7ffbc167b000-7ffbc167d000 r--s 00002000 08:01 4325883                    /home/gofman/.gradle/wrapper/dists/gradle-2.2.1-all/c64ydeuardnfqctvr1gm30w53/gradle-2.2.1/lib/plugins/jarjar-plexus-cipher-1.7.jar
7ffbc167d000-7ffbc167f000 r--s 0000c000 08:01 4325882                    /home/gofman/.gradle/wrapper/dists/gradle-2.2.1-all/c64ydeuardnfqctvr1gm30w53/gradle-2.2.1/lib/plugins/jarjar-wagon-provider-api-2.4.jar
7ffbc167f000-7ffbc1681000 r--s 0000d000 08:01 4325881                    /home/gofman/.gradle/wrapper/dists/gradle-2.2.1-all/c64ydeuardnfqctvr1gm30w53/gradle-2.2.1/lib/plugins/jarjar-maven-aether-provider-3.0.4.jar
7ffbc1681000-7ffbc1689000 r--s 00031000 08:01 4325880                    /home/gofman/.gradle/wrapper/dists/gradle-2.2.1-all/c64ydeuardnfqctvr1gm30w53/gradle-2.2.1/lib/plugins/jarjar-plexus-container-default-1.5.5.jar
7ffbc1689000-7ffbc168a000 r--s 00007000 08:01 4325879                    /home/gofman/.gradle/wrapper/dists/gradle-2.2.1-all/c64ydeuardnfqctvr1gm30w53/gradle-2.2.1/lib/plugins/jarjar-maven-repository-metadata-3.0.4.jar
7ffbc168a000-7ffbc168b000 r--s 0000b000 08:01 4325878                    /home/gofman/.gradle/wrapper/dists/gradle-2.2.1-all/c64ydeuardnfqctvr1gm30w53/gradle-2.2.1/lib/plugins/jarjar-maven-settings-3.0.4.jar
7ffbc168b000-7ffbc16a3000 r--s 000b5000 08:01 4325934                    /home/gofman/.gradle/wrapper/dists/gradle-2.2.1-all/c64ydeuardnfqctvr1gm30w53/gradle-2.2.1/lib/plugins/gradle-dependency-management-2.2.1.jar
7ffbc16a3000-7ffbc16aa000 r--s 00000000 08:01 7344352                    /usr/lib/x86_64-linux-gnu/gconv/gconv-modules.cache
7ffbc16aa000-7ffbc16d9000 r--p 00000000 08:01 9439760                    /usr/share/locale-langpack/ru/LC_MESSAGES/libc.mo
7ffbc16d9000-7ffbc16da000 r--s 00005000 08:01 4325829                    /home/gofman/.gradle/wrapper/dists/gradle-2.2.1-all/c64ydeuardnfqctvr1gm30w53/gradle-2.2.1/lib/gradle-wrapper-2.2.1.jar
7ffbc16da000-7ffbc16e3000 r--s 0002c000 08:01 4325834                    /home/gofman/.gradle/wrapper/dists/gradle-2.2.1-all/c64ydeuardnfqctvr1gm30w53/gradle-2.2.1/lib/gradle-tooling-api-2.2.1.jar
7ffbc16e3000-7ffbc16e5000 r--s 00002000 08:01 4325858                    /home/gofman/.gradle/wrapper/dists/gradle-2.2.1-all/c64ydeuardnfqctvr1gm30w53/gradle-2.2.1/lib/gradle-open-api-2.2.1.jar
7ffbc16e5000-7ffbc16eb000 r--s 00032000 08:01 4325860                    /home/gofman/.gradle/wrapper/dists/gradle-2.2.1-all/c64ydeuardnfqctvr1gm30w53/gradle-2.2.1/lib/jaxen-1.1.jar
7ffbc16eb000-7ffbc16f0000 r--s 00048000 08:01 4325859                    /home/gofman/.gradle/wrapper/dists/gradle-2.2.1-all/c64ydeuardnfqctvr1gm30w53/gradle-2.2.1/lib/dom4j-1.6.1.jar
7ffbc16f0000-7ffbc16fb000 r--s 00059000 08:01 4325833                    /home/gofman/.gradle/wrapper/dists/gradle-2.2.1-all/c64ydeuardnfqctvr1gm30w53/gradle-2.2.1/lib/gradle-ui-2.2.1.jar
7ffbc16fb000-7ffbc16fd000 r--s 00006000 08:01 4325854                    /home/gofman/.gradle/wrapper/dists/gradle-2.2.1-all/c64ydeuardnfqctvr1gm30w53/gradle-2.2.1/lib/gradle-resources-2.2.1.jar
7ffbc16fd000-7ffbc16ff000 r--s 00007000 08:01 4325876                    /home/gofman/.gradle/wrapper/dists/gradle-2.2.1-all/c64ydeuardnfqctvr1gm30w53/gradle-2.2.1/lib/objenesis-1.2.jar
7ffbc16ff000-7ffbc1701000 r--s 00000000 08:01 4325875                    /home/gofman/.gradle/wrapper/dists/gradle-2.2.1-all/c64ydeuardnfqctvr1gm30w53/gradle-2.2.1/lib/minlog-1.2.jar
7ffbc1701000-7ffbc1703000 r--s 0000f000 08:01 4325874                    /home/gofman/.gradle/wrapper/dists/gradle-2.2.1-all/c64ydeuardnfqctvr1gm30w53/gradle-2.2.1/lib/reflectasm-1.07-shaded.jar
7ffbc1703000-7ffbc1707000 r--s 00026000 08:01 4325865                    /home/gofman/.gradle/wrapper/dists/gradle-2.2.1-all/c64ydeuardnfqctvr1gm30w53/gradle-2.2.1/lib/kryo-2.20.jar
7ffbc1707000-7ffbc1710000 r--s 00039000 08:01 4325853                    /home/gofman/.gradle/wrapper/dists/gradle-2.2.1-all/c64ydeuardnfqctvr1gm30w53/gradle-2.2.1/lib/gradle-messaging-2.2.1.jar
7ffbc1710000-7ffbc1711000 r--s 00003000 08:01 4325873                    /home/gofman/.gradle/wrapper/dists/gradle-2.2.1-all/c64ydeuardnfqctvr1gm30w53/gradle-2.2.1/lib/native-platform-freebsd-amd64-0.10.jar
7ffbc1711000-7ffbc1712000 r--s 00003000 08:01 4325872                    /home/gofman/.gradle/wrapper/dists/gradle-2.2.1-all/c64ydeuardnfqctvr1gm30w53/gradle-2.2.1/lib/native-platform-freebsd-i386-0.10.jar
7ffbc1712000-7ffbc1713000 r--s 00005000 08:01 4325871                    /home/gofman/.gradle/wrapper/dists/gradle-2.2.1-all/c64ydeuardnfqctvr1gm30w53/gradle-2.2.1/lib/native-platform-windows-i386-0.10.jar
7ffbc1713000-7ffbc1714000 r--s 00005000 08:01 4325870                    /home/gofman/.gradle/wrapper/dists/gradle-2.2.1-all/c64ydeuardnfqctvr1gm30w53/gradle-2.2.1/lib/native-platform-windows-amd64-0.10.jar
7ffbc1714000-7ffbc1715000 r--s 00003000 08:01 4325869                    /home/gofman/.gradle/wrapper/dists/gradle-2.2.1-all/c64ydeuardnfqctvr1gm30w53/gradle-2.2.1/lib/native-platform-linux-i386-0.10.jar
7ffbc1715000-7ffbc1716000 r--s 00003000 08:01 4325868                    /home/gofman/.gradle/wrapper/dists/gradle-2.2.1-all/c64ydeuardnfqctvr1gm30w53/gradle-2.2.1/lib/native-platform-linux-amd64-0.10.jar
7ffbc1716000-7ffbc1717000 r--s 00002000 08:01 4325867                    /home/gofman/.gradle/wrapper/dists/gradle-2.2.1-all/c64ydeuardnfqctvr1gm30w53/gradle-2.2.1/lib/native-platform-osx-amd64-0.10.jar
7ffbc1717000-7ffbc1718000 r--s 00002000 08:01 4325866                    /home/gofman/.gradle/wrapper/dists/gradle-2.2.1-all/c64ydeuardnfqctvr1gm30w53/gradle-2.2.1/lib/native-platform-osx-i386-0.10.jar
7ffbc1718000-7ffbc171a000 r--s 00008000 08:01 4325863                    /home/gofman/.gradle/wrapper/dists/gradle-2.2.1-all/c64ydeuardnfqctvr1gm30w53/gradle-2.2.1/lib/jansi-1.2.1.jar
7ffbc171a000-7ffbc171d000 r--s 0000d000 08:01 4325862                    /home/gofman/.gradle/wrapper/dists/gradle-2.2.1-all/c64ydeuardnfqctvr1gm30w53/gradle-2.2.1/lib/native-platform-0.10.jar
7ffbc171d000-7ffbc1721000 r--s 000e4000 08:01 4325861                    /home/gofman/.gradle/wrapper/dists/gradle-2.2.1-all/c64ydeuardnfqctvr1gm30w53/gradle-2.2.1/lib/jna-3.2.7.jar
7ffbc1721000-7ffbc1723000 r--s 00008000 08:01 4325835                    /home/gofman/.gradle/wrapper/dists/gradle-2.2.1-all/c64ydeuardnfqctvr1gm30w53/gradle-2.2.1/lib/gradle-native-2.2.1.jar
7ffbc1723000-7ffbc1725000 r--s 00005000 08:01 4325832                    /home/gofman/.gradle/wrapper/dists/gradle-2.2.1-all/c64ydeuardnfqctvr1gm30w53/gradle-2.2.1/lib/gradle-cli-2.2.1.jar
7ffbc1725000-7ffbc1727000 r--s 00003000 08:01 4325852                    /home/gofman/.gradle/wrapper/dists/gradle-2.2.1-all/c64ydeuardnfqctvr1gm30w53/gradle-2.2.1/lib/gradle-base-services-groovy-2.2.1.jar
7ffbc1727000-7ffbc1729000 r--s 0000a000 08:01 4325840                    /home/gofman/.gradle/wrapper/dists/gradle-2.2.1-all/c64ydeuardnfqctvr1gm30w53/gradle-2.2.1/lib/gradle-model-groovy-2.2.1.jar
7ffbc1729000-7ffbc172d000 r--s 0001b000 08:01 4325839                    /home/gofman/.gradle/wrapper/dists/gradle-2.2.1-all/c64ydeuardnfqctvr1gm30w53/gradle-2.2.1/lib/gradle-model-core-2.2.1.jar
7ffbc172d000-7ffbc172e000 r--s 00000000 08:01 4325855                    /home/gofman/.gradle/wrapper/dists/gradle-2.2.1-all/c64ydeuardnfqctvr1gm30w53/gradle-2.2.1/lib/gradle-docs-2.2.1.jar
7ffbc172e000-7ffbc1730000 r--s 00003000 08:01 4325857                    /home/gofman/.gradle/wrapper/dists/gradle-2.2.1-all/c64ydeuardnfqctvr1gm30w53/gradle-2.2.1/lib/jcl-over-slf4j-1.7.7.jar
7ffbc1730000-7ffbc1731000 r--s 00005000 08:01 4325856                    /home/gofman/.gradle/wrapper/dists/gradle-2.2.1-all/c64ydeuardnfqctvr1gm30w53/gradle-2.2.1/lib/log4j-over-slf4j-1.7.7.jar
7ffbc1731000-7ffbc1732000 r--s 00000000 08:01 4325851                    /home/gofman/.gradle/wrapper/dists/gradle-2.2.1-all/c64ydeuardnfqctvr1gm30w53/gradle-2.2.1/lib/javax.inject-1.jar
7ffbc1732000-7ffbc1735000 r--s 0001b000 08:01 4325850                    /home/gofman/.gradle/wrapper/dists/gradle-2.2.1-all/c64ydeuardnfqctvr1gm30w53/gradle-2.2.1/lib/jarjar-1.3.jar
7ffbc1735000-7ffbc1737000 r--s 00000000 08:01 4325849                    /home/gofman/.gradle/wrapper/dists/gradle-2.2.1-all/c64ydeuardnfqctvr1gm30w53/gradle-2.2.1/lib/jul-to-slf4j-1.7.7.jar
7ffbc1737000-7ffbc173d000 r--s 0003b000 08:01 4325847                    /home/gofman/.gradle/wrapper/dists/gradle-2.2.1-all/c64ydeuardnfqctvr1gm30w53/gradle-2.2.1/lib/logback-classic-1.0.13.jar
7ffbc173d000-7ffbc1747000 r--s 0005d000 08:01 4325846                    /home/gofman/.gradle/wrapper/dists/gradle-2.2.1-all/c64ydeuardnfqctvr1gm30w53/gradle-2.2.1/lib/logback-core-1.0.13.jar
7ffbc1747000-7ffbc174c000 r--s 00041000 08:01 4325845                    /home/gofman/.gradle/wrapper/dists/gradle-2.2.1-all/c64ydeuardnfqctvr1gm30w53/gradle-2.2.1/lib/commons-lang-2.6.jar
7ffbc174c000-7ffbc174f000 r--s 00018000 08:01 4325844                    /home/gofman/.gradle/wrapper/dists/gradle-2.2.1-all/c64ydeuardnfqctvr1gm30w53/gradle-2.2.1/lib/commons-io-1.4.jar
7ffbc174f000-7ffbc17ba000 r--s 00685000 08:01 4325838                    /home/gofman/.gradle/wrapper/dists/gradle-2.2.1-all/c64ydeuardnfqctvr1gm30w53/gradle-2.2.1/lib/groovy-all-2.3.6.jar
7ffbc17ba000-7ffbc17e2000 r--s 001cf000 08:01 4325837                    /home/gofman/.gradle/wrapper/dists/gradle-2.2.1-all/c64ydeuardnfqctvr1gm30w53/gradle-2.2.1/lib/guava-jdk5-17.0.jar
7ffbc17e2000-7ffbc1801000 r--s 001cc000 08:01 4325842                    /home/gofman/.gradle/wrapper/dists/gradle-2.2.1-all/c64ydeuardnfqctvr1gm30w53/gradle-2.2.1/lib/ant-1.9.3.jar
7ffbc1801000-7ffbc1802000 ---p 00000000 00:00 0 
7ffbc1802000-7ffbc1902000 rw-p 00000000 00:00 0                          [stack:4203]
7ffbc1902000-7ffbc1905000 ---p 00000000 00:00 0 
7ffbc1905000-7ffbc1a03000 rw-p 00000000 00:00 0                          [stack:4202]
7ffbc1a03000-7ffbc1a06000 ---p 00000000 00:00 0 
7ffbc1a06000-7ffbc1b04000 rw-p 00000000 00:00 0                          [stack:4201]
7ffbc1b04000-7ffbc1b07000 ---p 00000000 00:00 0 
7ffbc1b07000-7ffbc1c05000 rw-p 00000000 00:00 0                          [stack:4200]
7ffbc1c05000-7ffbc2000000 r--p 00000000 08:01 6822343                    /usr/lib/locale/locale-archive
7ffbc2000000-7ffbc4000000 rw-p 00000000 00:00 0 
7ffbc4000000-7ffbc4021000 rw-p 00000000 00:00 0 
7ffbc4021000-7ffbc8000000 ---p 00000000 00:00 0 
7ffbc8000000-7ffbc8001000 r--s 00000000 08:01 4325848                    /home/gofman/.gradle/wrapper/dists/gradle-2.2.1-all/c64ydeuardnfqctvr1gm30w53/gradle-2.2.1/lib/jcip-annotations-1.0.jar
7ffbc8001000-7ffbc800f000 r--s 0007f000 08:01 4325843                    /home/gofman/.gradle/wrapper/dists/gradle-2.2.1-all/c64ydeuardnfqctvr1gm30w53/gradle-2.2.1/lib/commons-collections-3.2.1.jar
7ffbc800f000-7ffbc802b000 r--s 00393000 08:01 3540567                    /usr/lib/jvm/jdk1.8.0_45/jre/lib/ext/cldrdata.jar
7ffbc802b000-7ffbc8036000 r--s 00116000 08:01 3540565                    /usr/lib/jvm/jdk1.8.0_45/jre/lib/ext/localedata.jar
7ffbc8036000-7ffbc803c000 r--s 00026000 08:01 4325830                    /home/gofman/.gradle/wrapper/dists/gradle-2.2.1-all/c64ydeuardnfqctvr1gm30w53/gradle-2.2.1/lib/gradle-base-services-2.2.1.jar
7ffbc803c000-7ffbc806d000 r--s 00191000 08:01 4325831                    /home/gofman/.gradle/wrapper/dists/gradle-2.2.1-all/c64ydeuardnfqctvr1gm30w53/gradle-2.2.1/lib/gradle-core-2.2.1.jar
7ffbc806d000-7ffbc8070000 ---p 00000000 00:00 0 
7ffbc8070000-7ffbc816e000 rw-p 00000000 00:00 0                          [stack:4199]
7ffbc816e000-7ffbc8171000 ---p 00000000 00:00 0 
7ffbc8171000-7ffbc826f000 rw-p 00000000 00:00 0                          [stack:4198]
7ffbc826f000-7ffbc8272000 ---p 00000000 00:00 0 
7ffbc8272000-7ffbc8370000 rw-p 00000000 00:00 0                          [stack:4197]
7ffbc8370000-7ffbc8373000 ---p 00000000 00:00 0 
7ffbc8373000-7ffbc8471000 rw-p 00000000 00:00 0                          [stack:4196]
7ffbc8471000-7ffbc8472000 ---p 00000000 00:00 0 
7ffbc8472000-7ffbc9000000 rw-p 00000000 00:00 0                          [stack:4195]
7ffbc9000000-7ffbca6e0000 rwxp 00000000 00:00 0 
7ffbca6e0000-7ffbd8000000 ---p 00000000 00:00 0 
7ffbd8000000-7ffbd8b42000 rw-p 00000000 00:00 0 
7ffbd8b42000-7ffbdc000000 ---p 00000000 00:00 0 
7ffbdc000000-7ffbdc008000 r--s 0003c000 08:01 4325828                    /home/gofman/.gradle/wrapper/dists/gradle-2.2.1-all/c64ydeuardnfqctvr1gm30w53/gradle-2.2.1/lib/gradle-launcher-2.2.1.jar
7ffbdc008000-7ffbdc52e000 rw-p 00000000 00:00 0 
7ffbdc52e000-7ffbdc707000 r--s 03d09000 08:01 3540461                    /usr/lib/jvm/jdk1.8.0_45/jre/lib/rt.jar
7ffbdc707000-7ffbdd17d000 rw-p 00000000 00:00 0 
7ffbdd17d000-7ffbdd17e000 ---p 00000000 00:00 0 
7ffbdd17e000-7ffbdd27e000 rw-p 00000000 00:00 0                          [stack:4194]
7ffbdd27e000-7ffbdd27f000 ---p 00000000 00:00 0 
7ffbdd27f000-7ffbdd37f000 rw-p 00000000 00:00 0                          [stack:4193]
7ffbdd37f000-7ffbdd380000 ---p 00000000 00:00 0 
7ffbdd380000-7ffbdd480000 rw-p 00000000 00:00 0                          [stack:4192]
7ffbdd480000-7ffbdd481000 ---p 00000000 00:00 0 
7ffbdd481000-7ffbdd5b6000 rw-p 00000000 00:00 0                          [stack:4191]
7ffbdd5b6000-7ffbdd6d7000 ---p 00000000 00:00 0 
7ffbdd6d7000-7ffbdd70c000 rw-p 00000000 00:00 0 
7ffbdd70c000-7ffbdd82c000 ---p 00000000 00:00 0 
7ffbdd82c000-7ffbdd8d7000 rw-p 00000000 00:00 0 
7ffbdd8d7000-7ffbdd934000 rw-p 00000000 00:00 0 
7ffbdd934000-7ffbddc98000 ---p 00000000 00:00 0 
7ffbddc98000-7ffbddcb2000 r-xp 00000000 08:01 3540487                    /usr/lib/jvm/jdk1.8.0_45/jre/lib/amd64/libzip.so
7ffbddcb2000-7ffbddeb2000 ---p 0001a000 08:01 3540487                    /usr/lib/jvm/jdk1.8.0_45/jre/lib/amd64/libzip.so
7ffbddeb2000-7ffbddeb3000 rw-p 0001a000 08:01 3540487                    /usr/lib/jvm/jdk1.8.0_45/jre/lib/amd64/libzip.so
7ffbddeb3000-7ffbddebe000 r-xp 00000000 08:01 13111571                   /lib/x86_64-linux-gnu/libnss_files-2.19.so
7ffbddebe000-7ffbde0bd000 ---p 0000b000 08:01 13111571                   /lib/x86_64-linux-gnu/libnss_files-2.19.so
7ffbde0bd000-7ffbde0be000 r--p 0000a000 08:01 13111571                   /lib/x86_64-linux-gnu/libnss_files-2.19.so
7ffbde0be000-7ffbde0bf000 rw-p 0000b000 08:01 13111571                   /lib/x86_64-linux-gnu/libnss_files-2.19.so
7ffbde0bf000-7ffbde0ca000 r-xp 00000000 08:01 13111591                   /lib/x86_64-linux-gnu/libnss_nis-2.19.so
7ffbde0ca000-7ffbde2c9000 ---p 0000b000 08:01 13111591                   /lib/x86_64-linux-gnu/libnss_nis-2.19.so
7ffbde2c9000-7ffbde2ca000 r--p 0000a000 08:01 13111591                   /lib/x86_64-linux-gnu/libnss_nis-2.19.so
7ffbde2ca000-7ffbde2cb000 rw-p 0000b000 08:01 13111591                   /lib/x86_64-linux-gnu/libnss_nis-2.19.so
7ffbde2cb000-7ffbde2e2000 r-xp 00000000 08:01 13111580                   /lib/x86_64-linux-gnu/libnsl-2.19.so
7ffbde2e2000-7ffbde4e1000 ---p 00017000 08:01 13111580                   /lib/x86_64-linux-gnu/libnsl-2.19.so
7ffbde4e1000-7ffbde4e2000 r--p 00016000 08:01 13111580                   /lib/x86_64-linux-gnu/libnsl-2.19.so
7ffbde4e2000-7ffbde4e3000 rw-p 00017000 08:01 13111580                   /lib/x86_64-linux-gnu/libnsl-2.19.so
7ffbde4e3000-7ffbde4e5000 rw-p 00000000 00:00 0 
7ffbde4e5000-7ffbde4ee000 r-xp 00000000 08:01 13111579                   /lib/x86_64-linux-gnu/libnss_compat-2.19.so
7ffbde4ee000-7ffbde6ed000 ---p 00009000 08:01 13111579                   /lib/x86_64-linux-gnu/libnss_compat-2.19.so
7ffbde6ed000-7ffbde6ee000 r--p 00008000 08:01 13111579                   /lib/x86_64-linux-gnu/libnss_compat-2.19.so
7ffbde6ee000-7ffbde6ef000 rw-p 00009000 08:01 13111579                   /lib/x86_64-linux-gnu/libnss_compat-2.19.so
7ffbde6ef000-7ffbde719000 r-xp 00000000 08:01 3540480                    /usr/lib/jvm/jdk1.8.0_45/jre/lib/amd64/libjava.so
7ffbde719000-7ffbde919000 ---p 0002a000 08:01 3540480                    /usr/lib/jvm/jdk1.8.0_45/jre/lib/amd64/libjava.so
7ffbde919000-7ffbde91b000 rw-p 0002a000 08:01 3540480                    /usr/lib/jvm/jdk1.8.0_45/jre/lib/amd64/libjava.so
7ffbde91b000-7ffbde928000 r-xp 00000000 08:01 3540522                    /usr/lib/jvm/jdk1.8.0_45/jre/lib/amd64/libverify.so
7ffbde928000-7ffbdeb28000 ---p 0000d000 08:01 3540522                    /usr/lib/jvm/jdk1.8.0_45/jre/lib/amd64/libverify.so
7ffbdeb28000-7ffbdeb2a000 rw-p 0000d000 08:01 3540522                    /usr/lib/jvm/jdk1.8.0_45/jre/lib/amd64/libverify.so
7ffbdeb2a000-7ffbdeb31000 r-xp 00000000 08:01 13111588                   /lib/x86_64-linux-gnu/librt-2.19.so
7ffbdeb31000-7ffbded30000 ---p 00007000 08:01 13111588                   /lib/x86_64-linux-gnu/librt-2.19.so
7ffbded30000-7ffbded31000 r--p 00006000 08:01 13111588                   /lib/x86_64-linux-gnu/librt-2.19.so
7ffbded31000-7ffbded32000 rw-p 00007000 08:01 13111588                   /lib/x86_64-linux-gnu/librt-2.19.so
7ffbded32000-7ffbdee37000 r-xp 00000000 08:01 13107226                   /lib/x86_64-linux-gnu/libm-2.19.so
7ffbdee37000-7ffbdf036000 ---p 00105000 08:01 13107226                   /lib/x86_64-linux-gnu/libm-2.19.so
7ffbdf036000-7ffbdf037000 r--p 00104000 08:01 13107226                   /lib/x86_64-linux-gnu/libm-2.19.so
7ffbdf037000-7ffbdf038000 rw-p 00105000 08:01 13107226                   /lib/x86_64-linux-gnu/libm-2.19.so
7ffbdf038000-7ffbdfce6000 r-xp 00000000 08:01 3540528                    /usr/lib/jvm/jdk1.8.0_45/jre/lib/amd64/server/libjvm.so
7ffbdfce6000-7ffbdfee5000 ---p 00cae000 08:01 3540528                    /usr/lib/jvm/jdk1.8.0_45/jre/lib/amd64/server/libjvm.so
7ffbdfee5000-7ffbdffbc000 rw-p 00cad000 08:01 3540528                    /usr/lib/jvm/jdk1.8.0_45/jre/lib/amd64/server/libjvm.so
7ffbdffbc000-7ffbe0000000 rw-p 00000000 00:00 0 
7ffbe0000000-7ffbe01bb000 r-xp 00000000 08:01 13111585                   /lib/x86_64-linux-gnu/libc-2.19.so
7ffbe01bb000-7ffbe03ba000 ---p 001bb000 08:01 13111585                   /lib/x86_64-linux-gnu/libc-2.19.so
7ffbe03ba000-7ffbe03be000 r--p 001ba000 08:01 13111585                   /lib/x86_64-linux-gnu/libc-2.19.so
7ffbe03be000-7ffbe03c0000 rw-p 001be000 08:01 13111585                   /lib/x86_64-linux-gnu/libc-2.19.so
7ffbe03c0000-7ffbe03c5000 rw-p 00000000 00:00 0 
7ffbe03c5000-7ffbe03c8000 r-xp 00000000 08:01 13111574                   /lib/x86_64-linux-gnu/libdl-2.19.so
7ffbe03c8000-7ffbe05c7000 ---p 00003000 08:01 13111574                   /lib/x86_64-linux-gnu/libdl-2.19.so
7ffbe05c7000-7ffbe05c8000 r--p 00002000 08:01 13111574                   /lib/x86_64-linux-gnu/libdl-2.19.so
7ffbe05c8000-7ffbe05c9000 rw-p 00003000 08:01 13111574                   /lib/x86_64-linux-gnu/libdl-2.19.so
7ffbe05c9000-7ffbe05de000 r-xp 00000000 08:01 3540821                    /usr/lib/jvm/jdk1.8.0_45/lib/amd64/jli/libjli.so
7ffbe05de000-7ffbe07de000 ---p 00015000 08:01 3540821                    /usr/lib/jvm/jdk1.8.0_45/lib/amd64/jli/libjli.so
7ffbe07de000-7ffbe07df000 rw-p 00015000 08:01 3540821                    /usr/lib/jvm/jdk1.8.0_45/lib/amd64/jli/libjli.so
7ffbe07df000-7ffbe07f8000 r-xp 00000000 08:01 13111586                   /lib/x86_64-linux-gnu/libpthread-2.19.so
7ffbe07f8000-7ffbe09f7000 ---p 00019000 08:01 13111586                   /lib/x86_64-linux-gnu/libpthread-2.19.so
7ffbe09f7000-7ffbe09f8000 r--p 00018000 08:01 13111586                   /lib/x86_64-linux-gnu/libpthread-2.19.so
7ffbe09f8000-7ffbe09f9000 rw-p 00019000 08:01 13111586                   /lib/x86_64-linux-gnu/libpthread-2.19.so
7ffbe09f9000-7ffbe09fd000 rw-p 00000000 00:00 0 
7ffbe09fd000-7ffbe0a20000 r-xp 00000000 08:01 13111582                   /lib/x86_64-linux-gnu/ld-2.19.so
7ffbe0a20000-7ffbe0a25000 r--s 00036000 08:01 4325841                    /home/gofman/.gradle/wrapper/dists/gradle-2.2.1-all/c64ydeuardnfqctvr1gm30w53/gradle-2.2.1/lib/asm-all-5.0.3.jar
7ffbe0a25000-7ffbe0af7000 rw-p 00000000 00:00 0 
7ffbe0af7000-7ffbe0afa000 ---p 00000000 00:00 0 
7ffbe0afa000-7ffbe0bfc000 rw-p 00000000 00:00 0                          [stack:4189]
7ffbe0bfc000-7ffbe0bfe000 r--s 00006000 08:01 4325836                    /home/gofman/.gradle/wrapper/dists/gradle-2.2.1-all/c64ydeuardnfqctvr1gm30w53/gradle-2.2.1/lib/slf4j-api-1.7.7.jar
7ffbe0bfe000-7ffbe0bff000 r--s 00004000 08:01 4325864                    /home/gofman/.gradle/wrapper/dists/gradle-2.2.1-all/c64ydeuardnfqctvr1gm30w53/gradle-2.2.1/lib/ant-launcher-1.9.3.jar
7ffbe0bff000-7ffbe0c13000 rw-p 00000000 00:00 0 
7ffbe0c13000-7ffbe0c1b000 rw-s 00000000 08:01 5375603                    /tmp/hsperfdata_gofman/4188
7ffbe0c1b000-7ffbe0c1c000 rw-p 00000000 00:00 0 
7ffbe0c1c000-7ffbe0c1d000 r--p 00000000 00:00 0 
7ffbe0c1d000-7ffbe0c1f000 rw-p 00000000 00:00 0 
7ffbe0c1f000-7ffbe0c20000 r--p 00022000 08:01 13111582                   /lib/x86_64-linux-gnu/ld-2.19.so
7ffbe0c20000-7ffbe0c21000 rw-p 00023000 08:01 13111582                   /lib/x86_64-linux-gnu/ld-2.19.so
7ffbe0c21000-7ffbe0c22000 rw-p 00000000 00:00 0 
7fffffcdc000-7fffffcfd000 rw-p 00000000 00:00 0                          [stack]
7fffffdfe000-7fffffe00000 r-xp 00000000 00:00 0                          [vdso]
ffffffffff600000-ffffffffff601000 r-xp 00000000 00:00 0                  [vsyscall]

VM Arguments:
jvm_args: -XX:MaxPermSize=256m -XX:+HeapDumpOnOutOfMemoryError -Xmx1024m -Dfile.encoding=UTF-8 -Duser.country=RU -Duser.language=ru -Duser.variant 
java_command: org.gradle.launcher.daemon.bootstrap.GradleDaemon 2.2.1 /home/gofman/.gradle/daemon 10800000 e9037035-71d5-4718-a9d3-86629b1c9c64 -XX:MaxPermSize=256m -XX:+HeapDumpOnOutOfMemoryError -Xmx1024m -Dfile.encoding=UTF-8 -Duser.country=RU -Duser.language=ru -Duser.variant
java_class_path (initial): /home/gofman/.gradle/wrapper/dists/gradle-2.2.1-all/c64ydeuardnfqctvr1gm30w53/gradle-2.2.1/lib/gradle-launcher-2.2.1.jar
Launcher Type: SUN_STANDARD

Environment Variables:
JAVA_HOME=/opt/java
PATH=/usr/local/sbin:/usr/local/bin:/usr/sbin:/usr/bin:/sbin:/bin:/usr/games:/usr/local/games
USERNAME=gofman
LD_LIBRARY_PATH=/home/gofman/android-studio/bin:
SHELL=/bin/bash
DISPLAY=:0.0

Signal Handlers:
SIGSEGV: [libjvm.so+0xaad1e0], sa_mask[0]=11111111011111111101111111111110, sa_flags=SA_RESTART|SA_SIGINFO
SIGBUS: [libjvm.so+0xaad1e0], sa_mask[0]=11111111011111111101111111111110, sa_flags=SA_RESTART|SA_SIGINFO
SIGFPE: [libjvm.so+0x90b450], sa_mask[0]=11111111011111111101111111111110, sa_flags=SA_RESTART|SA_SIGINFO
SIGPIPE: [libjvm.so+0x90b450], sa_mask[0]=11111111011111111101111111111110, sa_flags=SA_RESTART|SA_SIGINFO
SIGXFSZ: [libjvm.so+0x90b450], sa_mask[0]=11111111011111111101111111111110, sa_flags=SA_RESTART|SA_SIGINFO
SIGILL: [libjvm.so+0x90b450], sa_mask[0]=11111111011111111101111111111110, sa_flags=SA_RESTART|SA_SIGINFO
SIGUSR1: SIG_DFL, sa_mask[0]=00000000000000000000000000000000, sa_flags=none
SIGUSR2: [libjvm.so+0x90ca90], sa_mask[0]=00100000000000000000000000000000, sa_flags=SA_RESTART|SA_SIGINFO
SIGHUP: [libjvm.so+0x90dde0], sa_mask[0]=11111111011111111101111111111110, sa_flags=SA_RESTART|SA_SIGINFO
SIGINT: [libjvm.so+0x90dde0], sa_mask[0]=11111111011111111101111111111110, sa_flags=SA_RESTART|SA_SIGINFO
SIGTERM: [libjvm.so+0x90dde0], sa_mask[0]=11111111011111111101111111111110, sa_flags=SA_RESTART|SA_SIGINFO
SIGQUIT: [libjvm.so+0x90dde0], sa_mask[0]=11111111011111111101111111111110, sa_flags=SA_RESTART|SA_SIGINFO


---------------  S Y S T E M  ---------------

OS:DISTRIB_ID=LinuxMint
DISTRIB_RELEASE=17.2
DISTRIB_CODENAME=rafaela
DISTRIB_DESCRIPTION="Linux Mint 17.2 Rafaela"

uname:Linux 3.13.0-37-generic #64-Ubuntu SMP Mon Sep 22 21:28:38 UTC 2014 x86_64
libc:glibc 2.19 NPTL 2.19 
rlimit: STACK 8192k, CORE 0k, NPROC 127635, NOFILE 4096, AS infinity
load average:3,55 1,82 1,20

/proc/meminfo:
MemTotal:       16433984 kB
MemFree:        11077868 kB
Buffers:          260636 kB
Cached:          1992368 kB
SwapCached:            0 kB
Active:          3523532 kB
Inactive:        1425048 kB
Active(anon):    2696348 kB
Inactive(anon):    16628 kB
Active(file):     827184 kB
Inactive(file):  1408420 kB
Unevictable:           0 kB
Mlocked:               0 kB
SwapTotal:       8385532 kB
SwapFree:        8385532 kB
Dirty:              4628 kB
Writeback:             0 kB
AnonPages:       2719812 kB
Mapped:           370024 kB
Shmem:             17744 kB
Slab:             201572 kB
SReclaimable:     172280 kB
SUnreclaim:        29292 kB
KernelStack:        4544 kB
PageTables:        29300 kB
NFS_Unstable:          0 kB
Bounce:                0 kB
WritebackTmp:          0 kB
CommitLimit:    16602524 kB
Committed_AS:    4652992 kB
VmallocTotal:   34359738367 kB
VmallocUsed:      330436 kB
VmallocChunk:   34359402492 kB
HardwareCorrupted:     0 kB
AnonHugePages:   1017856 kB
HugePages_Total:       0
HugePages_Free:        0
HugePages_Rsvd:        0
HugePages_Surp:        0
Hugepagesize:       2048 kB
DirectMap4k:      134592 kB
DirectMap2M:     3010560 kB
DirectMap1G:    13631488 kB


CPU:total 4 (4 cores per cpu, 1 threads per core) family 16 model 5 stepping 3, cmov, cx8, fxsr, mmx, sse, sse2, sse3, popcnt, mmxext, 3dnowpref, lzcnt, sse4a, tsc, tscinvbit, tscinv

/proc/cpuinfo:
processor	: 0
vendor_id	: AuthenticAMD
cpu family	: 16
model		: 5
model name	: AMD Athlon(tm) II X4 640 Processor
stepping	: 3
microcode	: 0x10000b6
cpu MHz		: 3000.000
cache size	: 512 KB
physical id	: 0
siblings	: 4
core id		: 0
cpu cores	: 4
apicid		: 0
initial apicid	: 0
fpu		: yes
fpu_exception	: yes
cpuid level	: 5
wp		: yes
flags		: fpu vme de pse tsc msr pae mce cx8 apic sep mtrr pge mca cmov pat pse36 clflush mmx fxsr sse sse2 ht syscall nx mmxext fxsr_opt pdpe1gb rdtscp lm 3dnowext 3dnow constant_tsc rep_good nopl nonstop_tsc extd_apicid pni monitor cx16 popcnt lahf_lm cmp_legacy svm extapic cr8_legacy abm sse4a misalignsse 3dnowprefetch osvw ibs skinit wdt hw_pstate npt lbrv svm_lock nrip_save
bogomips	: 6960.29
TLB size	: 1024 4K pages
clflush size	: 64
cache_alignment	: 64
address sizes	: 48 bits physical, 48 bits virtual
power management: ts ttp tm stc 100mhzsteps hwpstate

processor	: 1
vendor_id	: AuthenticAMD
cpu family	: 16
model		: 5
model name	: AMD Athlon(tm) II X4 640 Processor
stepping	: 3
microcode	: 0x10000b6
cpu MHz		: 3000.000
cache size	: 512 KB
physical id	: 0
siblings	: 4
core id		: 1
cpu cores	: 4
apicid		: 1
initial apicid	: 1
fpu		: yes
fpu_exception	: yes
cpuid level	: 5
wp		: yes
flags		: fpu vme de pse tsc msr pae mce cx8 apic sep mtrr pge mca cmov pat pse36 clflush mmx fxsr sse sse2 ht syscall nx mmxext fxsr_opt pdpe1gb rdtscp lm 3dnowext 3dnow constant_tsc rep_good nopl nonstop_tsc extd_apicid pni monitor cx16 popcnt lahf_lm cmp_legacy svm extapic cr8_legacy abm sse4a misalignsse 3dnowprefetch osvw ibs skinit wdt hw_pstate npt lbrv svm_lock nrip_save
bogomips	: 6960.29
TLB size	: 1024 4K pages
clflush size	: 64
cache_alignment	: 64
address sizes	: 48 bits physical, 48 bits virtual
power management: ts ttp tm stc 100mhzsteps hwpstate

processor	: 2
vendor_id	: AuthenticAMD
cpu family	: 16
model		: 5
model name	: AMD Athlon(tm) II X4 640 Processor
stepping	: 3
microcode	: 0x10000b6
cpu MHz		: 3000.000
cache size	: 512 KB
physical id	: 0
siblings	: 4
core id		: 2
cpu cores	: 4
apicid		: 2
initial apicid	: 2
fpu		: yes
fpu_exception	: yes
cpuid level	: 5
wp		: yes
flags		: fpu vme de pse tsc msr pae mce cx8 apic sep mtrr pge mca cmov pat pse36 clflush mmx fxsr sse sse2 ht syscall nx mmxext fxsr_opt pdpe1gb rdtscp lm 3dnowext 3dnow constant_tsc rep_good nopl nonstop_tsc extd_apicid pni monitor cx16 popcnt lahf_lm cmp_legacy svm extapic cr8_legacy abm sse4a misalignsse 3dnowprefetch osvw ibs skinit wdt hw_pstate npt lbrv svm_lock nrip_save
bogomips	: 6960.29
TLB size	: 1024 4K pages
clflush size	: 64
cache_alignment	: 64
address sizes	: 48 bits physical, 48 bits virtual
power management: ts ttp tm stc 100mhzsteps hwpstate

processor	: 3
vendor_id	: AuthenticAMD
cpu family	: 16
model		: 5
model name	: AMD Athlon(tm) II X4 640 Processor
stepping	: 3
microcode	: 0x10000b6
cpu MHz		: 3000.000
cache size	: 512 KB
physical id	: 0
siblings	: 4
core id		: 3
cpu cores	: 4
apicid		: 3
initial apicid	: 3
fpu		: yes
fpu_exception	: yes
cpuid level	: 5
wp		: yes
flags		: fpu vme de pse tsc msr pae mce cx8 apic sep mtrr pge mca cmov pat pse36 clflush mmx fxsr sse sse2 ht syscall nx mmxext fxsr_opt pdpe1gb rdtscp lm 3dnowext 3dnow constant_tsc rep_good nopl nonstop_tsc extd_apicid pni monitor cx16 popcnt lahf_lm cmp_legacy svm extapic cr8_legacy abm sse4a misalignsse 3dnowprefetch osvw ibs skinit wdt hw_pstate npt lbrv svm_lock nrip_save
bogomips	: 6960.29
TLB size	: 1024 4K pages
clflush size	: 64
cache_alignment	: 64
address sizes	: 48 bits physical, 48 bits virtual
power management: ts ttp tm stc 100mhzsteps hwpstate



Memory: 4k page, physical 16433984k(11077868k free), swap 8385532k(8385532k free)

vm_info: Java HotSpot(TM) 64-Bit Server VM (25.45-b02) for linux-amd64 JRE (1.8.0_45-b14), built on Apr 10 2015 10:07:45 by "java_re" with gcc 4.3.0 20080428 (Red Hat 4.3.0-8)

time: Mon Aug 31 11:06:19 2015
elapsed time: 39 seconds (0d 0h 0m 39s)

